[0.111s] DEBUG:colcon:Command line arguments: ['/usr/bin/colcon', 'build']
[0.111s] DEBUG:colcon:Parsed command line arguments: Namespace(log_base=None, log_level=None, verb_name='build', build_base='build', install_base='install', merge_install=False, symlink_install=False, test_result_base=None, continue_on_error=False, executor='parallel', parallel_workers=8, event_handlers=None, ignore_user_meta=False, metas=['./colcon.meta'], base_paths=['.'], packages_ignore=None, packages_ignore_regex=None, paths=None, packages_up_to=None, packages_up_to_regex=None, packages_above=None, packages_above_and_dependencies=None, packages_above_depth=None, packages_select_by_dep=None, packages_skip_by_dep=None, packages_skip_up_to=None, packages_select_build_failed=False, packages_skip_build_finished=False, packages_select_test_failures=False, packages_skip_test_passed=False, packages_select=None, packages_skip=None, packages_select_regex=None, packages_skip_regex=None, packages_start=None, packages_end=None, allow_overriding=[], cmake_args=None, cmake_target=None, cmake_target_skip_unavailable=False, cmake_clean_cache=False, cmake_clean_first=False, cmake_force_configure=False, ament_cmake_args=None, catkin_cmake_args=None, catkin_skip_building_tests=False, verb_parser=<colcon_defaults.argument_parser.defaults.DefaultArgumentsDecorator object at 0x71434bbbd640>, verb_extension=<colcon_core.verb.build.BuildVerb object at 0x71434bbbd520>, main=<bound method BuildVerb.main of <colcon_core.verb.build.BuildVerb object at 0x71434bbbd520>>)
[0.148s] Level 1:colcon.colcon_core.package_discovery:discover_packages(colcon_meta) check parameters
[0.149s] Level 1:colcon.colcon_core.package_discovery:discover_packages(recursive) check parameters
[0.149s] Level 1:colcon.colcon_core.package_discovery:discover_packages(ignore) check parameters
[0.149s] Level 1:colcon.colcon_core.package_discovery:discover_packages(path) check parameters
[0.149s] Level 1:colcon.colcon_core.package_discovery:discover_packages(colcon_meta) discover
[0.150s] Level 1:colcon.colcon_core.package_discovery:discover_packages(recursive) discover
[0.150s] INFO:colcon.colcon_core.package_discovery:Crawling recursively for packages in '/media/ashwin-k/ashwinStorage/1.insti/cfi/guild/aero/rosWs/src'
[0.150s] Level 1:colcon.colcon_core.package_identification:_identify(.) by extensions ['ignore', 'ignore_ament_install']
[0.150s] Level 1:colcon.colcon_core.package_identification:_identify(.) by extension 'ignore'
[0.151s] Level 1:colcon.colcon_core.package_identification:_identify(.) by extension 'ignore_ament_install'
[0.151s] Level 1:colcon.colcon_core.package_identification:_identify(.) by extensions ['colcon_pkg']
[0.151s] Level 1:colcon.colcon_core.package_identification:_identify(.) by extension 'colcon_pkg'
[0.151s] Level 1:colcon.colcon_core.package_identification:_identify(.) by extensions ['colcon_meta']
[0.151s] Level 1:colcon.colcon_core.package_identification:_identify(.) by extension 'colcon_meta'
[0.151s] Level 1:colcon.colcon_core.package_identification:_identify(.) by extensions ['ros']
[0.151s] Level 1:colcon.colcon_core.package_identification:_identify(.) by extension 'ros'
[0.177s] Level 1:colcon.colcon_core.package_identification:_identify(.) by extensions ['cmake', 'python']
[0.177s] Level 1:colcon.colcon_core.package_identification:_identify(.) by extension 'cmake'
[0.177s] Level 1:colcon.colcon_core.package_identification:_identify(.) by extension 'python'
[0.177s] Level 1:colcon.colcon_core.package_identification:_identify(.) by extensions ['python_setup_py']
[0.177s] Level 1:colcon.colcon_core.package_identification:_identify(.) by extension 'python_setup_py'
[0.178s] Level 1:colcon.colcon_core.package_identification:_identify(build) by extensions ['ignore', 'ignore_ament_install']
[0.178s] Level 1:colcon.colcon_core.package_identification:_identify(build) by extension 'ignore'
[0.178s] Level 1:colcon.colcon_core.package_identification:_identify(build) ignored
[0.178s] Level 1:colcon.colcon_core.package_identification:_identify(cannibalTurtle) by extensions ['ignore', 'ignore_ament_install']
[0.178s] Level 1:colcon.colcon_core.package_identification:_identify(cannibalTurtle) by extension 'ignore'
[0.178s] Level 1:colcon.colcon_core.package_identification:_identify(cannibalTurtle) by extension 'ignore_ament_install'
[0.178s] Level 1:colcon.colcon_core.package_identification:_identify(cannibalTurtle) by extensions ['colcon_pkg']
[0.178s] Level 1:colcon.colcon_core.package_identification:_identify(cannibalTurtle) by extension 'colcon_pkg'
[0.179s] Level 1:colcon.colcon_core.package_identification:_identify(cannibalTurtle) by extensions ['colcon_meta']
[0.179s] Level 1:colcon.colcon_core.package_identification:_identify(cannibalTurtle) by extension 'colcon_meta'
[0.179s] Level 1:colcon.colcon_core.package_identification:_identify(cannibalTurtle) by extensions ['ros']
[0.179s] Level 1:colcon.colcon_core.package_identification:_identify(cannibalTurtle) by extension 'ros'
[0.181s] DEBUG:colcon.colcon_core.package_identification:Package 'cannibalTurtle' with type 'ros.ament_python' and name 'cannibalTurtle'
[0.182s] Level 1:colcon.colcon_core.package_identification:_identify(install) by extensions ['ignore', 'ignore_ament_install']
[0.182s] Level 1:colcon.colcon_core.package_identification:_identify(install) by extension 'ignore'
[0.182s] Level 1:colcon.colcon_core.package_identification:_identify(install) ignored
[0.182s] Level 1:colcon.colcon_core.package_identification:_identify(log) by extensions ['ignore', 'ignore_ament_install']
[0.182s] Level 1:colcon.colcon_core.package_identification:_identify(log) by extension 'ignore'
[0.182s] Level 1:colcon.colcon_core.package_identification:_identify(log) ignored
[0.182s] Level 1:colcon.colcon_core.package_discovery:discover_packages(recursive) using defaults
[0.183s] Level 1:colcon.colcon_core.package_discovery:discover_packages(ignore) discover
[0.183s] Level 1:colcon.colcon_core.package_discovery:discover_packages(ignore) using defaults
[0.183s] Level 1:colcon.colcon_core.package_discovery:discover_packages(path) discover
[0.183s] Level 1:colcon.colcon_core.package_discovery:discover_packages(path) using defaults
[0.201s] Level 1:colcon.colcon_core.package_discovery:discover_packages(prefix_path) check parameters
[0.201s] Level 1:colcon.colcon_core.package_discovery:discover_packages(prefix_path) discover
[0.204s] DEBUG:colcon.colcon_installed_package_information.package_discovery:Found 340 installed packages in /opt/ros/jazzy
[0.205s] Level 1:colcon.colcon_core.package_discovery:discover_packages(prefix_path) using defaults
[0.250s] Level 5:colcon.colcon_core.verb:set package 'cannibalTurtle' build argument 'cmake_args' from command line to 'None'
[0.250s] Level 5:colcon.colcon_core.verb:set package 'cannibalTurtle' build argument 'cmake_target' from command line to 'None'
[0.251s] Level 5:colcon.colcon_core.verb:set package 'cannibalTurtle' build argument 'cmake_target_skip_unavailable' from command line to 'False'
[0.251s] Level 5:colcon.colcon_core.verb:set package 'cannibalTurtle' build argument 'cmake_clean_cache' from command line to 'False'
[0.251s] Level 5:colcon.colcon_core.verb:set package 'cannibalTurtle' build argument 'cmake_clean_first' from command line to 'False'
[0.251s] Level 5:colcon.colcon_core.verb:set package 'cannibalTurtle' build argument 'cmake_force_configure' from command line to 'False'
[0.251s] Level 5:colcon.colcon_core.verb:set package 'cannibalTurtle' build argument 'ament_cmake_args' from command line to 'None'
[0.251s] Level 5:colcon.colcon_core.verb:set package 'cannibalTurtle' build argument 'catkin_cmake_args' from command line to 'None'
[0.251s] Level 5:colcon.colcon_core.verb:set package 'cannibalTurtle' build argument 'catkin_skip_building_tests' from command line to 'False'
[0.251s] DEBUG:colcon.colcon_core.verb:Building package 'cannibalTurtle' with the following arguments: {'ament_cmake_args': None, 'build_base': '/media/ashwin-k/ashwinStorage/1.insti/cfi/guild/aero/rosWs/src/build/cannibalTurtle', 'catkin_cmake_args': None, 'catkin_skip_building_tests': False, 'cmake_args': None, 'cmake_clean_cache': False, 'cmake_clean_first': False, 'cmake_force_configure': False, 'cmake_target': None, 'cmake_target_skip_unavailable': False, 'install_base': '/media/ashwin-k/ashwinStorage/1.insti/cfi/guild/aero/rosWs/src/install/cannibalTurtle', 'merge_install': False, 'path': '/media/ashwin-k/ashwinStorage/1.insti/cfi/guild/aero/rosWs/src/cannibalTurtle', 'symlink_install': False, 'test_result_base': None}
[0.251s] INFO:colcon.colcon_core.executor:Executing jobs using 'parallel' executor
[0.252s] DEBUG:colcon.colcon_parallel_executor.executor.parallel:run_until_complete
[0.252s] INFO:colcon.colcon_ros.task.ament_python.build:Building ROS package in '/media/ashwin-k/ashwinStorage/1.insti/cfi/guild/aero/rosWs/src/cannibalTurtle' with build type 'ament_python'
[0.253s] Level 1:colcon.colcon_core.shell:create_environment_hook('cannibalTurtle', 'ament_prefix_path')
[0.255s] INFO:colcon.colcon_core.plugin_system:Skipping extension 'colcon_core.shell.bat': Not used on non-Windows systems
[0.255s] INFO:colcon.colcon_core.shell:Creating environment hook '/media/ashwin-k/ashwinStorage/1.insti/cfi/guild/aero/rosWs/src/install/cannibalTurtle/share/cannibalTurtle/hook/ament_prefix_path.ps1'
[0.257s] INFO:colcon.colcon_core.shell:Creating environment descriptor '/media/ashwin-k/ashwinStorage/1.insti/cfi/guild/aero/rosWs/src/install/cannibalTurtle/share/cannibalTurtle/hook/ament_prefix_path.dsv'
[0.258s] INFO:colcon.colcon_core.shell:Creating environment hook '/media/ashwin-k/ashwinStorage/1.insti/cfi/guild/aero/rosWs/src/install/cannibalTurtle/share/cannibalTurtle/hook/ament_prefix_path.sh'
[0.259s] INFO:colcon.colcon_core.shell:Skip shell extension 'powershell' for command environment: Not usable outside of PowerShell
[0.259s] DEBUG:colcon.colcon_core.shell:Skip shell extension 'dsv' for command environment
[0.545s] INFO:colcon.colcon_core.task.python.build:Building Python package in '/media/ashwin-k/ashwinStorage/1.insti/cfi/guild/aero/rosWs/src/cannibalTurtle'
[0.545s] INFO:colcon.colcon_core.shell:Skip shell extension 'powershell' for command environment: Not usable outside of PowerShell
[0.546s] DEBUG:colcon.colcon_core.shell:Skip shell extension 'dsv' for command environment
[1.368s] DEBUG:colcon.colcon_core.event_handler.log_command:Invoking command in '/media/ashwin-k/ashwinStorage/1.insti/cfi/guild/aero/rosWs/src/cannibalTurtle': DEBUGINFOD_URLS=https://debuginfod.ubuntu.com PYTHONPATH=/media/ashwin-k/ashwinStorage/1.insti/cfi/guild/aero/rosWs/src/build/cannibalTurtle/prefix_override:/usr/lib/python3/dist-packages/colcon_core/task/python/colcon_distutils_commands:/media/ashwin-k/ashwinStorage/1.insti/cfi/guild/aero/rosWs/src/install/cannibalTurtle/lib/python3.12/site-packages:${PYTHONPATH} /usr/bin/python3 -W ignore:setup.py install is deprecated -W ignore:easy_install command is deprecated setup.py egg_info --egg-base ../build/cannibalTurtle build --build-base /media/ashwin-k/ashwinStorage/1.insti/cfi/guild/aero/rosWs/src/build/cannibalTurtle/build install --record /media/ashwin-k/ashwinStorage/1.insti/cfi/guild/aero/rosWs/src/build/cannibalTurtle/install.log --single-version-externally-managed install_data
[2.259s] DEBUG:colcon.colcon_core.event_handler.log_command:Invoked command in '/media/ashwin-k/ashwinStorage/1.insti/cfi/guild/aero/rosWs/src/cannibalTurtle' returned '0': DEBUGINFOD_URLS=https://debuginfod.ubuntu.com PYTHONPATH=/media/ashwin-k/ashwinStorage/1.insti/cfi/guild/aero/rosWs/src/build/cannibalTurtle/prefix_override:/usr/lib/python3/dist-packages/colcon_core/task/python/colcon_distutils_commands:/media/ashwin-k/ashwinStorage/1.insti/cfi/guild/aero/rosWs/src/install/cannibalTurtle/lib/python3.12/site-packages:${PYTHONPATH} /usr/bin/python3 -W ignore:setup.py install is deprecated -W ignore:easy_install command is deprecated setup.py egg_info --egg-base ../build/cannibalTurtle build --build-base /media/ashwin-k/ashwinStorage/1.insti/cfi/guild/aero/rosWs/src/build/cannibalTurtle/build install --record /media/ashwin-k/ashwinStorage/1.insti/cfi/guild/aero/rosWs/src/build/cannibalTurtle/install.log --single-version-externally-managed install_data
[2.260s] Level 1:colcon.colcon_core.environment:checking '/media/ashwin-k/ashwinStorage/1.insti/cfi/guild/aero/rosWs/src/install/cannibalTurtle' for CMake module files
[2.264s] Level 1:colcon.colcon_core.environment:checking '/media/ashwin-k/ashwinStorage/1.insti/cfi/guild/aero/rosWs/src/install/cannibalTurtle' for CMake config files
[2.272s] Level 1:colcon.colcon_core.environment:checking '/media/ashwin-k/ashwinStorage/1.insti/cfi/guild/aero/rosWs/src/install/cannibalTurtle/lib'
[2.272s] Level 1:colcon.colcon_core.environment:checking '/media/ashwin-k/ashwinStorage/1.insti/cfi/guild/aero/rosWs/src/install/cannibalTurtle/bin'
[2.273s] Level 1:colcon.colcon_core.environment:checking '/media/ashwin-k/ashwinStorage/1.insti/cfi/guild/aero/rosWs/src/install/cannibalTurtle/lib/pkgconfig/cannibalTurtle.pc'
[2.273s] Level 1:colcon.colcon_core.environment:checking '/media/ashwin-k/ashwinStorage/1.insti/cfi/guild/aero/rosWs/src/install/cannibalTurtle/lib/python3.12/site-packages'
[2.274s] Level 1:colcon.colcon_core.shell:create_environment_hook('cannibalTurtle', 'pythonpath')
[2.274s] INFO:colcon.colcon_core.shell:Creating environment hook '/media/ashwin-k/ashwinStorage/1.insti/cfi/guild/aero/rosWs/src/install/cannibalTurtle/share/cannibalTurtle/hook/pythonpath.ps1'
[2.276s] INFO:colcon.colcon_core.shell:Creating environment descriptor '/media/ashwin-k/ashwinStorage/1.insti/cfi/guild/aero/rosWs/src/install/cannibalTurtle/share/cannibalTurtle/hook/pythonpath.dsv'
[2.278s] INFO:colcon.colcon_core.shell:Creating environment hook '/media/ashwin-k/ashwinStorage/1.insti/cfi/guild/aero/rosWs/src/install/cannibalTurtle/share/cannibalTurtle/hook/pythonpath.sh'
[2.281s] Level 1:colcon.colcon_core.environment:checking '/media/ashwin-k/ashwinStorage/1.insti/cfi/guild/aero/rosWs/src/install/cannibalTurtle/bin'
[2.281s] Level 1:colcon.colcon_core.environment:create_environment_scripts_only(cannibalTurtle)
[2.282s] INFO:colcon.colcon_core.shell:Creating package script '/media/ashwin-k/ashwinStorage/1.insti/cfi/guild/aero/rosWs/src/install/cannibalTurtle/share/cannibalTurtle/package.ps1'
[2.285s] INFO:colcon.colcon_core.shell:Creating package descriptor '/media/ashwin-k/ashwinStorage/1.insti/cfi/guild/aero/rosWs/src/install/cannibalTurtle/share/cannibalTurtle/package.dsv'
[2.287s] INFO:colcon.colcon_core.shell:Creating package script '/media/ashwin-k/ashwinStorage/1.insti/cfi/guild/aero/rosWs/src/install/cannibalTurtle/share/cannibalTurtle/package.sh'
[2.290s] INFO:colcon.colcon_core.shell:Creating package script '/media/ashwin-k/ashwinStorage/1.insti/cfi/guild/aero/rosWs/src/install/cannibalTurtle/share/cannibalTurtle/package.bash'
[2.293s] INFO:colcon.colcon_core.shell:Creating package script '/media/ashwin-k/ashwinStorage/1.insti/cfi/guild/aero/rosWs/src/install/cannibalTurtle/share/cannibalTurtle/package.zsh'
[2.295s] Level 1:colcon.colcon_core.environment:create_file_with_runtime_dependencies(/media/ashwin-k/ashwinStorage/1.insti/cfi/guild/aero/rosWs/src/install/cannibalTurtle/share/colcon-core/packages/cannibalTurtle)
[2.296s] DEBUG:colcon.colcon_parallel_executor.executor.parallel:closing loop
[2.297s] DEBUG:colcon.colcon_parallel_executor.executor.parallel:loop closed
[2.297s] DEBUG:colcon.colcon_parallel_executor.executor.parallel:run_until_complete finished with '0'
[2.297s] DEBUG:colcon.colcon_core.event_reactor:joining thread
[2.306s] INFO:colcon.colcon_core.plugin_system:Skipping extension 'colcon_notification.desktop_notification.terminal_notifier': Not used on non-Darwin systems
[2.307s] INFO:colcon.colcon_core.plugin_system:Skipping extension 'colcon_notification.desktop_notification.win32': Not used on non-Windows systems
[2.307s] INFO:colcon.colcon_notification.desktop_notification:Sending desktop notification using 'notify2'
[2.331s] DEBUG:colcon.colcon_core.event_reactor:joined thread
[2.332s] INFO:colcon.colcon_core.shell:Creating prefix script '/media/ashwin-k/ashwinStorage/1.insti/cfi/guild/aero/rosWs/src/install/local_setup.ps1'
[2.335s] INFO:colcon.colcon_core.shell:Creating prefix util module '/media/ashwin-k/ashwinStorage/1.insti/cfi/guild/aero/rosWs/src/install/_local_setup_util_ps1.py'
[2.339s] INFO:colcon.colcon_core.shell:Creating prefix chain script '/media/ashwin-k/ashwinStorage/1.insti/cfi/guild/aero/rosWs/src/install/setup.ps1'
[2.342s] INFO:colcon.colcon_core.shell:Creating prefix script '/media/ashwin-k/ashwinStorage/1.insti/cfi/guild/aero/rosWs/src/install/local_setup.sh'
[2.343s] INFO:colcon.colcon_core.shell:Creating prefix util module '/media/ashwin-k/ashwinStorage/1.insti/cfi/guild/aero/rosWs/src/install/_local_setup_util_sh.py'
[2.345s] INFO:colcon.colcon_core.shell:Creating prefix chain script '/media/ashwin-k/ashwinStorage/1.insti/cfi/guild/aero/rosWs/src/install/setup.sh'
[2.347s] INFO:colcon.colcon_core.shell:Creating prefix script '/media/ashwin-k/ashwinStorage/1.insti/cfi/guild/aero/rosWs/src/install/local_setup.bash'
[2.349s] INFO:colcon.colcon_core.shell:Creating prefix chain script '/media/ashwin-k/ashwinStorage/1.insti/cfi/guild/aero/rosWs/src/install/setup.bash'
[2.351s] INFO:colcon.colcon_core.shell:Creating prefix script '/media/ashwin-k/ashwinStorage/1.insti/cfi/guild/aero/rosWs/src/install/local_setup.zsh'
[2.353s] INFO:colcon.colcon_core.shell:Creating prefix chain script '/media/ashwin-k/ashwinStorage/1.insti/cfi/guild/aero/rosWs/src/install/setup.zsh'
