[0.242s] DEBUG:colcon:Command line arguments: ['/usr/bin/colcon', 'build']
[0.242s] DEBUG:colcon:Parsed command line arguments: Namespace(log_base=None, log_level=None, verb_name='build', build_base='build', install_base='install', merge_install=False, symlink_install=False, test_result_base=None, continue_on_error=False, executor='parallel', parallel_workers=2, event_handlers=None, ignore_user_meta=False, metas=['./colcon.meta'], base_paths=['.'], packages_ignore=None, packages_ignore_regex=None, paths=None, packages_up_to=None, packages_up_to_regex=None, packages_above=None, packages_above_and_dependencies=None, packages_above_depth=None, packages_select_by_dep=None, packages_skip_by_dep=None, packages_skip_up_to=None, packages_select_build_failed=False, packages_skip_build_finished=False, packages_select_test_failures=False, packages_skip_test_passed=False, packages_select=None, packages_skip=None, packages_select_regex=None, packages_skip_regex=None, packages_start=None, packages_end=None, allow_overriding=[], cmake_args=None, cmake_target=None, cmake_target_skip_unavailable=False, cmake_clean_cache=False, cmake_clean_first=False, cmake_force_configure=False, ament_cmake_args=None, catkin_cmake_args=None, catkin_skip_building_tests=False, verb_parser=<colcon_defaults.argument_parser.defaults.DefaultArgumentsDecorator object at 0x7be8eac54130>, verb_extension=<colcon_core.verb.build.BuildVerb object at 0x7be8eac2b2e0>, main=<bound method BuildVerb.main of <colcon_core.verb.build.BuildVerb object at 0x7be8eac2b2e0>>)
[0.591s] Level 1:colcon.colcon_core.package_discovery:discover_packages(colcon_meta) check parameters
[0.591s] Level 1:colcon.colcon_core.package_discovery:discover_packages(recursive) check parameters
[0.591s] Level 1:colcon.colcon_core.package_discovery:discover_packages(ignore) check parameters
[0.591s] Level 1:colcon.colcon_core.package_discovery:discover_packages(path) check parameters
[0.591s] Level 1:colcon.colcon_core.package_discovery:discover_packages(colcon_meta) discover
[0.592s] Level 1:colcon.colcon_core.package_discovery:discover_packages(recursive) discover
[0.592s] INFO:colcon.colcon_core.package_discovery:Crawling recursively for packages in '/home/ashwin/ros2WsDrone'
[0.592s] Level 1:colcon.colcon_core.package_identification:_identify(.) by extensions ['ignore', 'ignore_ament_install']
[0.592s] Level 1:colcon.colcon_core.package_identification:_identify(.) by extension 'ignore'
[0.592s] Level 1:colcon.colcon_core.package_identification:_identify(.) by extension 'ignore_ament_install'
[0.592s] Level 1:colcon.colcon_core.package_identification:_identify(.) by extensions ['colcon_pkg']
[0.592s] Level 1:colcon.colcon_core.package_identification:_identify(.) by extension 'colcon_pkg'
[0.592s] Level 1:colcon.colcon_core.package_identification:_identify(.) by extensions ['colcon_meta']
[0.592s] Level 1:colcon.colcon_core.package_identification:_identify(.) by extension 'colcon_meta'
[0.592s] Level 1:colcon.colcon_core.package_identification:_identify(.) by extensions ['ros']
[0.592s] Level 1:colcon.colcon_core.package_identification:_identify(.) by extension 'ros'
[0.620s] Level 1:colcon.colcon_core.package_identification:_identify(.) by extensions ['cmake', 'python']
[0.620s] Level 1:colcon.colcon_core.package_identification:_identify(.) by extension 'cmake'
[0.620s] Level 1:colcon.colcon_core.package_identification:_identify(.) by extension 'python'
[0.620s] Level 1:colcon.colcon_core.package_identification:_identify(.) by extensions ['python_setup_py']
[0.622s] Level 1:colcon.colcon_core.package_identification:_identify(.) by extension 'python_setup_py'
[0.622s] Level 1:colcon.colcon_core.package_identification:_identify(build) by extensions ['ignore', 'ignore_ament_install']
[0.622s] Level 1:colcon.colcon_core.package_identification:_identify(build) by extension 'ignore'
[0.622s] Level 1:colcon.colcon_core.package_identification:_identify(build) ignored
[0.622s] Level 1:colcon.colcon_core.package_identification:_identify(install) by extensions ['ignore', 'ignore_ament_install']
[0.622s] Level 1:colcon.colcon_core.package_identification:_identify(install) by extension 'ignore'
[0.622s] Level 1:colcon.colcon_core.package_identification:_identify(install) ignored
[0.622s] Level 1:colcon.colcon_core.package_identification:_identify(log) by extensions ['ignore', 'ignore_ament_install']
[0.623s] Level 1:colcon.colcon_core.package_identification:_identify(log) by extension 'ignore'
[0.623s] Level 1:colcon.colcon_core.package_identification:_identify(log) ignored
[0.623s] Level 1:colcon.colcon_core.package_identification:_identify(src) by extensions ['ignore', 'ignore_ament_install']
[0.623s] Level 1:colcon.colcon_core.package_identification:_identify(src) by extension 'ignore'
[0.623s] Level 1:colcon.colcon_core.package_identification:_identify(src) by extension 'ignore_ament_install'
[0.623s] Level 1:colcon.colcon_core.package_identification:_identify(src) by extensions ['colcon_pkg']
[0.623s] Level 1:colcon.colcon_core.package_identification:_identify(src) by extension 'colcon_pkg'
[0.623s] Level 1:colcon.colcon_core.package_identification:_identify(src) by extensions ['colcon_meta']
[0.623s] Level 1:colcon.colcon_core.package_identification:_identify(src) by extension 'colcon_meta'
[0.623s] Level 1:colcon.colcon_core.package_identification:_identify(src) by extensions ['ros']
[0.623s] Level 1:colcon.colcon_core.package_identification:_identify(src) by extension 'ros'
[0.623s] Level 1:colcon.colcon_core.package_identification:_identify(src) by extensions ['cmake', 'python']
[0.623s] Level 1:colcon.colcon_core.package_identification:_identify(src) by extension 'cmake'
[0.623s] Level 1:colcon.colcon_core.package_identification:_identify(src) by extension 'python'
[0.623s] Level 1:colcon.colcon_core.package_identification:_identify(src) by extensions ['python_setup_py']
[0.623s] Level 1:colcon.colcon_core.package_identification:_identify(src) by extension 'python_setup_py'
[0.623s] Level 1:colcon.colcon_core.package_identification:_identify(src/droneControl) by extensions ['ignore', 'ignore_ament_install']
[0.623s] Level 1:colcon.colcon_core.package_identification:_identify(src/droneControl) by extension 'ignore'
[0.623s] Level 1:colcon.colcon_core.package_identification:_identify(src/droneControl) by extension 'ignore_ament_install'
[0.623s] Level 1:colcon.colcon_core.package_identification:_identify(src/droneControl) by extensions ['colcon_pkg']
[0.623s] Level 1:colcon.colcon_core.package_identification:_identify(src/droneControl) by extension 'colcon_pkg'
[0.623s] Level 1:colcon.colcon_core.package_identification:_identify(src/droneControl) by extensions ['colcon_meta']
[0.623s] Level 1:colcon.colcon_core.package_identification:_identify(src/droneControl) by extension 'colcon_meta'
[0.624s] Level 1:colcon.colcon_core.package_identification:_identify(src/droneControl) by extensions ['ros']
[0.624s] Level 1:colcon.colcon_core.package_identification:_identify(src/droneControl) by extension 'ros'
[0.631s] DEBUG:colcon.colcon_core.package_identification:Package 'src/droneControl' with type 'ros.ament_python' and name 'droneControl'
[0.631s] Level 1:colcon.colcon_core.package_discovery:discover_packages(recursive) using defaults
[0.631s] Level 1:colcon.colcon_core.package_discovery:discover_packages(ignore) discover
[0.631s] Level 1:colcon.colcon_core.package_discovery:discover_packages(ignore) using defaults
[0.631s] Level 1:colcon.colcon_core.package_discovery:discover_packages(path) discover
[0.631s] Level 1:colcon.colcon_core.package_discovery:discover_packages(path) using defaults
[0.704s] Level 1:colcon.colcon_core.package_discovery:discover_packages(prefix_path) check parameters
[0.704s] Level 1:colcon.colcon_core.package_discovery:discover_packages(prefix_path) discover
[0.708s] DEBUG:colcon.colcon_installed_package_information.package_discovery:Found 1 installed packages in /home/ashwin/ros2WsDrone/install
[0.712s] DEBUG:colcon.colcon_installed_package_information.package_discovery:Found 280 installed packages in /opt/ros/humble
[0.741s] Level 1:colcon.colcon_core.package_discovery:discover_packages(prefix_path) using defaults
[0.818s] Level 5:colcon.colcon_core.verb:set package 'droneControl' build argument 'cmake_args' from command line to 'None'
[0.818s] Level 5:colcon.colcon_core.verb:set package 'droneControl' build argument 'cmake_target' from command line to 'None'
[0.818s] Level 5:colcon.colcon_core.verb:set package 'droneControl' build argument 'cmake_target_skip_unavailable' from command line to 'False'
[0.818s] Level 5:colcon.colcon_core.verb:set package 'droneControl' build argument 'cmake_clean_cache' from command line to 'False'
[0.818s] Level 5:colcon.colcon_core.verb:set package 'droneControl' build argument 'cmake_clean_first' from command line to 'False'
[0.818s] Level 5:colcon.colcon_core.verb:set package 'droneControl' build argument 'cmake_force_configure' from command line to 'False'
[0.818s] Level 5:colcon.colcon_core.verb:set package 'droneControl' build argument 'ament_cmake_args' from command line to 'None'
[0.818s] Level 5:colcon.colcon_core.verb:set package 'droneControl' build argument 'catkin_cmake_args' from command line to 'None'
[0.818s] Level 5:colcon.colcon_core.verb:set package 'droneControl' build argument 'catkin_skip_building_tests' from command line to 'False'
[0.818s] DEBUG:colcon.colcon_core.verb:Building package 'droneControl' with the following arguments: {'ament_cmake_args': None, 'build_base': '/home/ashwin/ros2WsDrone/build/droneControl', 'catkin_cmake_args': None, 'catkin_skip_building_tests': False, 'cmake_args': None, 'cmake_clean_cache': False, 'cmake_clean_first': False, 'cmake_force_configure': False, 'cmake_target': None, 'cmake_target_skip_unavailable': False, 'install_base': '/home/ashwin/ros2WsDrone/install/droneControl', 'merge_install': False, 'path': '/home/ashwin/ros2WsDrone/src/droneControl', 'symlink_install': False, 'test_result_base': None}
[0.818s] INFO:colcon.colcon_core.executor:Executing jobs using 'parallel' executor
[0.823s] DEBUG:colcon.colcon_parallel_executor.executor.parallel:run_until_complete
[0.823s] INFO:colcon.colcon_ros.task.ament_python.build:Building ROS package in '/home/ashwin/ros2WsDrone/src/droneControl' with build type 'ament_python'
[0.823s] Level 1:colcon.colcon_core.shell:create_environment_hook('droneControl', 'ament_prefix_path')
[0.831s] INFO:colcon.colcon_core.plugin_system:Skipping extension 'colcon_core.shell.bat': Not used on non-Windows systems
[0.833s] INFO:colcon.colcon_core.shell:Creating environment hook '/home/ashwin/ros2WsDrone/install/droneControl/share/droneControl/hook/ament_prefix_path.ps1'
[0.833s] INFO:colcon.colcon_core.shell:Creating environment descriptor '/home/ashwin/ros2WsDrone/install/droneControl/share/droneControl/hook/ament_prefix_path.dsv'
[0.844s] INFO:colcon.colcon_core.shell:Creating environment hook '/home/ashwin/ros2WsDrone/install/droneControl/share/droneControl/hook/ament_prefix_path.sh'
[0.845s] INFO:colcon.colcon_core.shell:Skip shell extension 'powershell' for command environment: Not usable outside of PowerShell
[0.845s] DEBUG:colcon.colcon_core.shell:Skip shell extension 'dsv' for command environment
[1.583s] INFO:colcon.colcon_core.task.python.build:Building Python package in '/home/ashwin/ros2WsDrone/src/droneControl'
[1.584s] INFO:colcon.colcon_core.shell:Skip shell extension 'powershell' for command environment: Not usable outside of PowerShell
[1.584s] DEBUG:colcon.colcon_core.shell:Skip shell extension 'dsv' for command environment
[2.515s] DEBUG:colcon.colcon_core.event_handler.log_command:Invoking command in '/home/ashwin/ros2WsDrone/src/droneControl': PYTHONPATH=/home/ashwin/ros2WsDrone/build/droneControl/prefix_override:/usr/lib/python3/dist-packages/colcon_core/task/python/colcon_distutils_commands:/home/ashwin/ros2WsDrone/install/droneControl/lib/python3.10/site-packages:${PYTHONPATH} /usr/bin/python3 -W ignore:setup.py install is deprecated -W ignore:easy_install command is deprecated setup.py egg_info --egg-base ../../build/droneControl build --build-base /home/ashwin/ros2WsDrone/build/droneControl/build install --record /home/ashwin/ros2WsDrone/build/droneControl/install.log --single-version-externally-managed install_data
[3.226s] DEBUG:colcon.colcon_core.event_handler.log_command:Invoked command in '/home/ashwin/ros2WsDrone/src/droneControl' returned '0': PYTHONPATH=/home/ashwin/ros2WsDrone/build/droneControl/prefix_override:/usr/lib/python3/dist-packages/colcon_core/task/python/colcon_distutils_commands:/home/ashwin/ros2WsDrone/install/droneControl/lib/python3.10/site-packages:${PYTHONPATH} /usr/bin/python3 -W ignore:setup.py install is deprecated -W ignore:easy_install command is deprecated setup.py egg_info --egg-base ../../build/droneControl build --build-base /home/ashwin/ros2WsDrone/build/droneControl/build install --record /home/ashwin/ros2WsDrone/build/droneControl/install.log --single-version-externally-managed install_data
[3.233s] Level 1:colcon.colcon_core.environment:checking '/home/ashwin/ros2WsDrone/install/droneControl' for CMake module files
[3.234s] Level 1:colcon.colcon_core.environment:checking '/home/ashwin/ros2WsDrone/install/droneControl' for CMake config files
[3.234s] Level 1:colcon.colcon_core.environment:checking '/home/ashwin/ros2WsDrone/install/droneControl/lib'
[3.235s] Level 1:colcon.colcon_core.environment:checking '/home/ashwin/ros2WsDrone/install/droneControl/bin'
[3.235s] Level 1:colcon.colcon_core.environment:checking '/home/ashwin/ros2WsDrone/install/droneControl/lib/pkgconfig/droneControl.pc'
[3.235s] Level 1:colcon.colcon_core.environment:checking '/home/ashwin/ros2WsDrone/install/droneControl/lib/python3.10/site-packages'
[3.235s] Level 1:colcon.colcon_core.shell:create_environment_hook('droneControl', 'pythonpath')
[3.238s] INFO:colcon.colcon_core.shell:Creating environment hook '/home/ashwin/ros2WsDrone/install/droneControl/share/droneControl/hook/pythonpath.ps1'
[3.239s] INFO:colcon.colcon_core.shell:Creating environment descriptor '/home/ashwin/ros2WsDrone/install/droneControl/share/droneControl/hook/pythonpath.dsv'
[3.242s] INFO:colcon.colcon_core.shell:Creating environment hook '/home/ashwin/ros2WsDrone/install/droneControl/share/droneControl/hook/pythonpath.sh'
[3.245s] Level 1:colcon.colcon_core.environment:checking '/home/ashwin/ros2WsDrone/install/droneControl/bin'
[3.246s] Level 1:colcon.colcon_core.environment:create_environment_scripts_only(droneControl)
[3.246s] INFO:colcon.colcon_core.shell:Creating package script '/home/ashwin/ros2WsDrone/install/droneControl/share/droneControl/package.ps1'
[3.252s] INFO:colcon.colcon_core.shell:Creating package descriptor '/home/ashwin/ros2WsDrone/install/droneControl/share/droneControl/package.dsv'
[3.254s] INFO:colcon.colcon_core.shell:Creating package script '/home/ashwin/ros2WsDrone/install/droneControl/share/droneControl/package.sh'
[3.258s] INFO:colcon.colcon_core.shell:Creating package script '/home/ashwin/ros2WsDrone/install/droneControl/share/droneControl/package.bash'
[3.259s] INFO:colcon.colcon_core.shell:Creating package script '/home/ashwin/ros2WsDrone/install/droneControl/share/droneControl/package.zsh'
[3.263s] Level 1:colcon.colcon_core.environment:create_file_with_runtime_dependencies(/home/ashwin/ros2WsDrone/install/droneControl/share/colcon-core/packages/droneControl)
[3.265s] DEBUG:colcon.colcon_parallel_executor.executor.parallel:closing loop
[3.269s] DEBUG:colcon.colcon_parallel_executor.executor.parallel:loop closed
[3.269s] DEBUG:colcon.colcon_parallel_executor.executor.parallel:run_until_complete finished with '0'
[3.269s] DEBUG:colcon.colcon_core.event_reactor:joining thread
[3.293s] INFO:colcon.colcon_core.plugin_system:Skipping extension 'colcon_notification.desktop_notification.terminal_notifier': Not used on non-Darwin systems
[3.293s] INFO:colcon.colcon_core.plugin_system:Skipping extension 'colcon_notification.desktop_notification.win32': Not used on non-Windows systems
[3.293s] INFO:colcon.colcon_notification.desktop_notification:Sending desktop notification using 'notify2'
[3.348s] DEBUG:colcon.colcon_core.event_reactor:joined thread
[3.348s] INFO:colcon.colcon_core.shell:Creating prefix script '/home/ashwin/ros2WsDrone/install/local_setup.ps1'
[3.354s] INFO:colcon.colcon_core.shell:Creating prefix util module '/home/ashwin/ros2WsDrone/install/_local_setup_util_ps1.py'
[3.355s] INFO:colcon.colcon_core.shell:Creating prefix chain script '/home/ashwin/ros2WsDrone/install/setup.ps1'
[3.364s] INFO:colcon.colcon_core.shell:Creating prefix script '/home/ashwin/ros2WsDrone/install/local_setup.sh'
[3.367s] INFO:colcon.colcon_core.shell:Creating prefix util module '/home/ashwin/ros2WsDrone/install/_local_setup_util_sh.py'
[3.368s] INFO:colcon.colcon_core.shell:Creating prefix chain script '/home/ashwin/ros2WsDrone/install/setup.sh'
[3.373s] INFO:colcon.colcon_core.shell:Creating prefix script '/home/ashwin/ros2WsDrone/install/local_setup.bash'
[3.373s] INFO:colcon.colcon_core.shell:Creating prefix chain script '/home/ashwin/ros2WsDrone/install/setup.bash'
[3.375s] INFO:colcon.colcon_core.shell:Creating prefix script '/home/ashwin/ros2WsDrone/install/local_setup.zsh'
[3.376s] INFO:colcon.colcon_core.shell:Creating prefix chain script '/home/ashwin/ros2WsDrone/install/setup.zsh'
