[1.651s] Invoking command in '/home/ashwin/ros2WsDrone/src/droneControl': PYTHONPATH=/home/ashwin/ros2WsDrone/build/droneControl/prefix_override:/usr/lib/python3/dist-packages/colcon_core/task/python/colcon_distutils_commands:/home/ashwin/ros2WsDrone/install/droneControl/lib/python3.10/site-packages:${PYTHONPATH} /usr/bin/python3 -W ignore:setup.py install is deprecated -W ignore:easy_install command is deprecated setup.py egg_info --egg-base ../../build/droneControl build --build-base /home/ashwin/ros2WsDrone/build/droneControl/build install --record /home/ashwin/ros2WsDrone/build/droneControl/install.log --single-version-externally-managed install_data
[2.268s] running egg_info
[2.268s] writing ../../build/droneControl/droneControl.egg-info/PKG-INFO
[2.273s] writing dependency_links to ../../build/droneControl/droneControl.egg-info/dependency_links.txt
[2.273s] writing entry points to ../../build/droneControl/droneControl.egg-info/entry_points.txt
[2.273s] writing requirements to ../../build/droneControl/droneControl.egg-info/requires.txt
[2.273s] writing top-level names to ../../build/droneControl/droneControl.egg-info/top_level.txt
[2.275s] reading manifest file '../../build/droneControl/droneControl.egg-info/SOURCES.txt'
[2.279s] writing manifest file '../../build/droneControl/droneControl.egg-info/SOURCES.txt'
[2.280s] running build
[2.280s] running build_py
[2.281s] copying droneControl/droneControlNode.py -> /home/ashwin/ros2WsDrone/build/droneControl/build/lib/droneControl
[2.283s] running install
[2.283s] running install_lib
[2.284s] copying /home/ashwin/ros2WsDrone/build/droneControl/build/lib/droneControl/droneControlNode.py -> /home/ashwin/ros2WsDrone/install/droneControl/lib/python3.10/site-packages/droneControl
[2.286s] byte-compiling /home/ashwin/ros2WsDrone/install/droneControl/lib/python3.10/site-packages/droneControl/droneControlNode.py to droneControlNode.cpython-310.pyc
[2.291s] running install_data
[2.293s] running install_egg_info
[2.303s] removing '/home/ashwin/ros2WsDrone/install/droneControl/lib/python3.10/site-packages/droneControl-0.0.0-py3.10.egg-info' (and everything under it)
[2.303s] Copying ../../build/droneControl/droneControl.egg-info to /home/ashwin/ros2WsDrone/install/droneControl/lib/python3.10/site-packages/droneControl-0.0.0-py3.10.egg-info
[2.305s] running install_scripts
[2.363s] Installing control script to /home/ashwin/ros2WsDrone/install/droneControl/lib/droneControl
[2.363s] writing list of installed files to '/home/ashwin/ros2WsDrone/build/droneControl/install.log'
[2.435s] Invoked command in '/home/ashwin/ros2WsDrone/src/droneControl' returned '0': PYTHONPATH=/home/ashwin/ros2WsDrone/build/droneControl/prefix_override:/usr/lib/python3/dist-packages/colcon_core/task/python/colcon_distutils_commands:/home/ashwin/ros2WsDrone/install/droneControl/lib/python3.10/site-packages:${PYTHONPATH} /usr/bin/python3 -W ignore:setup.py install is deprecated -W ignore:easy_install command is deprecated setup.py egg_info --egg-base ../../build/droneControl build --build-base /home/ashwin/ros2WsDrone/build/droneControl/build install --record /home/ashwin/ros2WsDrone/build/droneControl/install.log --single-version-externally-managed install_data
