[0.111s] DEBUG:colcon:Command line arguments: ['/usr/bin/colcon', 'build']
[0.111s] DEBUG:colcon:Parsed command line arguments: Namespace(log_base=None, log_level=None, verb_name='build', build_base='build', install_base='install', merge_install=False, symlink_install=False, test_result_base=None, continue_on_error=False, executor='parallel', parallel_workers=8, event_handlers=None, ignore_user_meta=False, metas=['./colcon.meta'], base_paths=['.'], packages_ignore=None, packages_ignore_regex=None, paths=None, packages_up_to=None, packages_up_to_regex=None, packages_above=None, packages_above_and_dependencies=None, packages_above_depth=None, packages_select_by_dep=None, packages_skip_by_dep=None, packages_skip_up_to=None, packages_select_build_failed=False, packages_skip_build_finished=False, packages_select_test_failures=False, packages_skip_test_passed=False, packages_select=None, packages_skip=None, packages_select_regex=None, packages_skip_regex=None, packages_start=None, packages_end=None, allow_overriding=[], cmake_args=None, cmake_target=None, cmake_target_skip_unavailable=False, cmake_clean_cache=False, cmake_clean_first=False, cmake_force_configure=False, ament_cmake_args=None, catkin_cmake_args=None, catkin_skip_building_tests=False, verb_parser=<colcon_defaults.argument_parser.defaults.DefaultArgumentsDecorator object at 0x7951596bd5e0>, verb_extension=<colcon_core.verb.build.BuildVerb object at 0x7951596bd550>, main=<bound method BuildVerb.main of <colcon_core.verb.build.BuildVerb object at 0x7951596bd550>>)
[0.155s] Level 1:colcon.colcon_core.package_discovery:discover_packages(colcon_meta) check parameters
[0.155s] Level 1:colcon.colcon_core.package_discovery:discover_packages(recursive) check parameters
[0.155s] Level 1:colcon.colcon_core.package_discovery:discover_packages(ignore) check parameters
[0.156s] Level 1:colcon.colcon_core.package_discovery:discover_packages(path) check parameters
[0.156s] Level 1:colcon.colcon_core.package_discovery:discover_packages(colcon_meta) discover
[0.156s] Level 1:colcon.colcon_core.package_discovery:discover_packages(recursive) discover
[0.156s] INFO:colcon.colcon_core.package_discovery:Crawling recursively for packages in '/media/ashwin-k/ashwinStorage/1.insti/cfi/guild/aero/rosWs'
[0.156s] Level 1:colcon.colcon_core.package_identification:_identify(.) by extensions ['ignore', 'ignore_ament_install']
[0.156s] Level 1:colcon.colcon_core.package_identification:_identify(.) by extension 'ignore'
[0.156s] Level 1:colcon.colcon_core.package_identification:_identify(.) by extension 'ignore_ament_install'
[0.156s] Level 1:colcon.colcon_core.package_identification:_identify(.) by extensions ['colcon_pkg']
[0.156s] Level 1:colcon.colcon_core.package_identification:_identify(.) by extension 'colcon_pkg'
[0.156s] Level 1:colcon.colcon_core.package_identification:_identify(.) by extensions ['colcon_meta']
[0.156s] Level 1:colcon.colcon_core.package_identification:_identify(.) by extension 'colcon_meta'
[0.156s] Level 1:colcon.colcon_core.package_identification:_identify(.) by extensions ['ros']
[0.156s] Level 1:colcon.colcon_core.package_identification:_identify(.) by extension 'ros'
[0.180s] Level 1:colcon.colcon_core.package_identification:_identify(.) by extensions ['cmake', 'python']
[0.181s] Level 1:colcon.colcon_core.package_identification:_identify(.) by extension 'cmake'
[0.181s] Level 1:colcon.colcon_core.package_identification:_identify(.) by extension 'python'
[0.181s] Level 1:colcon.colcon_core.package_identification:_identify(.) by extensions ['python_setup_py']
[0.181s] Level 1:colcon.colcon_core.package_identification:_identify(.) by extension 'python_setup_py'
[0.181s] Level 1:colcon.colcon_core.package_identification:_identify(build) by extensions ['ignore', 'ignore_ament_install']
[0.181s] Level 1:colcon.colcon_core.package_identification:_identify(build) by extension 'ignore'
[0.181s] Level 1:colcon.colcon_core.package_identification:_identify(build) ignored
[0.181s] Level 1:colcon.colcon_core.package_identification:_identify(install) by extensions ['ignore', 'ignore_ament_install']
[0.181s] Level 1:colcon.colcon_core.package_identification:_identify(install) by extension 'ignore'
[0.181s] Level 1:colcon.colcon_core.package_identification:_identify(install) ignored
[0.182s] Level 1:colcon.colcon_core.package_identification:_identify(log) by extensions ['ignore', 'ignore_ament_install']
[0.182s] Level 1:colcon.colcon_core.package_identification:_identify(log) by extension 'ignore'
[0.182s] Level 1:colcon.colcon_core.package_identification:_identify(log) ignored
[0.182s] Level 1:colcon.colcon_core.package_identification:_identify(src) by extensions ['ignore', 'ignore_ament_install']
[0.182s] Level 1:colcon.colcon_core.package_identification:_identify(src) by extension 'ignore'
[0.182s] Level 1:colcon.colcon_core.package_identification:_identify(src) by extension 'ignore_ament_install'
[0.182s] Level 1:colcon.colcon_core.package_identification:_identify(src) by extensions ['colcon_pkg']
[0.182s] Level 1:colcon.colcon_core.package_identification:_identify(src) by extension 'colcon_pkg'
[0.182s] Level 1:colcon.colcon_core.package_identification:_identify(src) by extensions ['colcon_meta']
[0.182s] Level 1:colcon.colcon_core.package_identification:_identify(src) by extension 'colcon_meta'
[0.182s] Level 1:colcon.colcon_core.package_identification:_identify(src) by extensions ['ros']
[0.182s] Level 1:colcon.colcon_core.package_identification:_identify(src) by extension 'ros'
[0.182s] Level 1:colcon.colcon_core.package_identification:_identify(src) by extensions ['cmake', 'python']
[0.183s] Level 1:colcon.colcon_core.package_identification:_identify(src) by extension 'cmake'
[0.183s] Level 1:colcon.colcon_core.package_identification:_identify(src) by extension 'python'
[0.183s] Level 1:colcon.colcon_core.package_identification:_identify(src) by extensions ['python_setup_py']
[0.183s] Level 1:colcon.colcon_core.package_identification:_identify(src) by extension 'python_setup_py'
[0.183s] Level 1:colcon.colcon_core.package_identification:_identify(src/build) by extensions ['ignore', 'ignore_ament_install']
[0.183s] Level 1:colcon.colcon_core.package_identification:_identify(src/build) by extension 'ignore'
[0.183s] Level 1:colcon.colcon_core.package_identification:_identify(src/build) ignored
[0.184s] Level 1:colcon.colcon_core.package_identification:_identify(src/cannibalTurtle) by extensions ['ignore', 'ignore_ament_install']
[0.184s] Level 1:colcon.colcon_core.package_identification:_identify(src/cannibalTurtle) by extension 'ignore'
[0.184s] Level 1:colcon.colcon_core.package_identification:_identify(src/cannibalTurtle) by extension 'ignore_ament_install'
[0.184s] Level 1:colcon.colcon_core.package_identification:_identify(src/cannibalTurtle) by extensions ['colcon_pkg']
[0.184s] Level 1:colcon.colcon_core.package_identification:_identify(src/cannibalTurtle) by extension 'colcon_pkg'
[0.184s] Level 1:colcon.colcon_core.package_identification:_identify(src/cannibalTurtle) by extensions ['colcon_meta']
[0.184s] Level 1:colcon.colcon_core.package_identification:_identify(src/cannibalTurtle) by extension 'colcon_meta'
[0.184s] Level 1:colcon.colcon_core.package_identification:_identify(src/cannibalTurtle) by extensions ['ros']
[0.184s] Level 1:colcon.colcon_core.package_identification:_identify(src/cannibalTurtle) by extension 'ros'
[0.187s] DEBUG:colcon.colcon_core.package_identification:Package 'src/cannibalTurtle' with type 'ros.ament_python' and name 'cannibalTurtle'
[0.187s] Level 1:colcon.colcon_core.package_identification:_identify(src/install) by extensions ['ignore', 'ignore_ament_install']
[0.187s] Level 1:colcon.colcon_core.package_identification:_identify(src/install) by extension 'ignore'
[0.187s] Level 1:colcon.colcon_core.package_identification:_identify(src/install) ignored
[0.188s] Level 1:colcon.colcon_core.package_identification:_identify(src/log) by extensions ['ignore', 'ignore_ament_install']
[0.188s] Level 1:colcon.colcon_core.package_identification:_identify(src/log) by extension 'ignore'
[0.188s] Level 1:colcon.colcon_core.package_identification:_identify(src/log) ignored
[0.189s] Level 1:colcon.colcon_core.package_discovery:discover_packages(recursive) using defaults
[0.189s] Level 1:colcon.colcon_core.package_discovery:discover_packages(ignore) discover
[0.189s] Level 1:colcon.colcon_core.package_discovery:discover_packages(ignore) using defaults
[0.189s] Level 1:colcon.colcon_core.package_discovery:discover_packages(path) discover
[0.189s] Level 1:colcon.colcon_core.package_discovery:discover_packages(path) using defaults
[0.207s] Level 1:colcon.colcon_core.package_discovery:discover_packages(prefix_path) check parameters
[0.207s] Level 1:colcon.colcon_core.package_discovery:discover_packages(prefix_path) discover
[0.210s] DEBUG:colcon.colcon_installed_package_information.package_discovery:Found 345 installed packages in /opt/ros/jazzy
[0.211s] Level 1:colcon.colcon_core.package_discovery:discover_packages(prefix_path) using defaults
[0.246s] Level 5:colcon.colcon_core.verb:set package 'cannibalTurtle' build argument 'cmake_args' from command line to 'None'
[0.246s] Level 5:colcon.colcon_core.verb:set package 'cannibalTurtle' build argument 'cmake_target' from command line to 'None'
[0.246s] Level 5:colcon.colcon_core.verb:set package 'cannibalTurtle' build argument 'cmake_target_skip_unavailable' from command line to 'False'
[0.246s] Level 5:colcon.colcon_core.verb:set package 'cannibalTurtle' build argument 'cmake_clean_cache' from command line to 'False'
[0.246s] Level 5:colcon.colcon_core.verb:set package 'cannibalTurtle' build argument 'cmake_clean_first' from command line to 'False'
[0.246s] Level 5:colcon.colcon_core.verb:set package 'cannibalTurtle' build argument 'cmake_force_configure' from command line to 'False'
[0.246s] Level 5:colcon.colcon_core.verb:set package 'cannibalTurtle' build argument 'ament_cmake_args' from command line to 'None'
[0.246s] Level 5:colcon.colcon_core.verb:set package 'cannibalTurtle' build argument 'catkin_cmake_args' from command line to 'None'
[0.246s] Level 5:colcon.colcon_core.verb:set package 'cannibalTurtle' build argument 'catkin_skip_building_tests' from command line to 'False'
[0.246s] DEBUG:colcon.colcon_core.verb:Building package 'cannibalTurtle' with the following arguments: {'ament_cmake_args': None, 'build_base': '/media/ashwin-k/ashwinStorage/1.insti/cfi/guild/aero/rosWs/build/cannibalTurtle', 'catkin_cmake_args': None, 'catkin_skip_building_tests': False, 'cmake_args': None, 'cmake_clean_cache': False, 'cmake_clean_first': False, 'cmake_force_configure': False, 'cmake_target': None, 'cmake_target_skip_unavailable': False, 'install_base': '/media/ashwin-k/ashwinStorage/1.insti/cfi/guild/aero/rosWs/install/cannibalTurtle', 'merge_install': False, 'path': '/media/ashwin-k/ashwinStorage/1.insti/cfi/guild/aero/rosWs/src/cannibalTurtle', 'symlink_install': False, 'test_result_base': None}
[0.246s] INFO:colcon.colcon_core.executor:Executing jobs using 'parallel' executor
[0.247s] DEBUG:colcon.colcon_parallel_executor.executor.parallel:run_until_complete
[0.247s] INFO:colcon.colcon_ros.task.ament_python.build:Building ROS package in '/media/ashwin-k/ashwinStorage/1.insti/cfi/guild/aero/rosWs/src/cannibalTurtle' with build type 'ament_python'
[0.247s] Level 1:colcon.colcon_core.shell:create_environment_hook('cannibalTurtle', 'ament_prefix_path')
[0.250s] INFO:colcon.colcon_core.plugin_system:Skipping extension 'colcon_core.shell.bat': Not used on non-Windows systems
[0.251s] INFO:colcon.colcon_core.shell:Creating environment hook '/media/ashwin-k/ashwinStorage/1.insti/cfi/guild/aero/rosWs/install/cannibalTurtle/share/cannibalTurtle/hook/ament_prefix_path.ps1'
[0.252s] INFO:colcon.colcon_core.shell:Creating environment descriptor '/media/ashwin-k/ashwinStorage/1.insti/cfi/guild/aero/rosWs/install/cannibalTurtle/share/cannibalTurtle/hook/ament_prefix_path.dsv'
[0.253s] INFO:colcon.colcon_core.shell:Creating environment hook '/media/ashwin-k/ashwinStorage/1.insti/cfi/guild/aero/rosWs/install/cannibalTurtle/share/cannibalTurtle/hook/ament_prefix_path.sh'
[0.254s] INFO:colcon.colcon_core.shell:Skip shell extension 'powershell' for command environment: Not usable outside of PowerShell
[0.254s] DEBUG:colcon.colcon_core.shell:Skip shell extension 'dsv' for command environment
[0.445s] INFO:colcon.colcon_core.task.python.build:Building Python package in '/media/ashwin-k/ashwinStorage/1.insti/cfi/guild/aero/rosWs/src/cannibalTurtle'
[0.445s] INFO:colcon.colcon_core.shell:Skip shell extension 'powershell' for command environment: Not usable outside of PowerShell
[0.445s] DEBUG:colcon.colcon_core.shell:Skip shell extension 'dsv' for command environment
[1.171s] DEBUG:colcon.colcon_core.event_handler.log_command:Invoking command in '/media/ashwin-k/ashwinStorage/1.insti/cfi/guild/aero/rosWs/src/cannibalTurtle': DEBUGINFOD_URLS=https://debuginfod.ubuntu.com PYTHONPATH=/media/ashwin-k/ashwinStorage/1.insti/cfi/guild/aero/rosWs/build/cannibalTurtle/prefix_override:/usr/lib/python3/dist-packages/colcon_core/task/python/colcon_distutils_commands:/media/ashwin-k/ashwinStorage/1.insti/cfi/guild/aero/rosWs/install/cannibalTurtle/lib/python3.12/site-packages:${PYTHONPATH} /usr/bin/python3 -W ignore:setup.py install is deprecated -W ignore:easy_install command is deprecated setup.py egg_info --egg-base ../../build/cannibalTurtle build --build-base /media/ashwin-k/ashwinStorage/1.insti/cfi/guild/aero/rosWs/build/cannibalTurtle/build install --record /media/ashwin-k/ashwinStorage/1.insti/cfi/guild/aero/rosWs/build/cannibalTurtle/install.log --single-version-externally-managed install_data
[1.722s] DEBUG:colcon.colcon_core.event_handler.log_command:Invoked command in '/media/ashwin-k/ashwinStorage/1.insti/cfi/guild/aero/rosWs/src/cannibalTurtle' returned '0': DEBUGINFOD_URLS=https://debuginfod.ubuntu.com PYTHONPATH=/media/ashwin-k/ashwinStorage/1.insti/cfi/guild/aero/rosWs/build/cannibalTurtle/prefix_override:/usr/lib/python3/dist-packages/colcon_core/task/python/colcon_distutils_commands:/media/ashwin-k/ashwinStorage/1.insti/cfi/guild/aero/rosWs/install/cannibalTurtle/lib/python3.12/site-packages:${PYTHONPATH} /usr/bin/python3 -W ignore:setup.py install is deprecated -W ignore:easy_install command is deprecated setup.py egg_info --egg-base ../../build/cannibalTurtle build --build-base /media/ashwin-k/ashwinStorage/1.insti/cfi/guild/aero/rosWs/build/cannibalTurtle/build install --record /media/ashwin-k/ashwinStorage/1.insti/cfi/guild/aero/rosWs/build/cannibalTurtle/install.log --single-version-externally-managed install_data
[1.725s] Level 1:colcon.colcon_core.environment:checking '/media/ashwin-k/ashwinStorage/1.insti/cfi/guild/aero/rosWs/install/cannibalTurtle' for CMake module files
[1.727s] Level 1:colcon.colcon_core.environment:checking '/media/ashwin-k/ashwinStorage/1.insti/cfi/guild/aero/rosWs/install/cannibalTurtle' for CMake config files
[1.730s] Level 1:colcon.colcon_core.environment:checking '/media/ashwin-k/ashwinStorage/1.insti/cfi/guild/aero/rosWs/install/cannibalTurtle/lib'
[1.730s] Level 1:colcon.colcon_core.environment:checking '/media/ashwin-k/ashwinStorage/1.insti/cfi/guild/aero/rosWs/install/cannibalTurtle/bin'
[1.730s] Level 1:colcon.colcon_core.environment:checking '/media/ashwin-k/ashwinStorage/1.insti/cfi/guild/aero/rosWs/install/cannibalTurtle/lib/pkgconfig/cannibalTurtle.pc'
[1.730s] Level 1:colcon.colcon_core.environment:checking '/media/ashwin-k/ashwinStorage/1.insti/cfi/guild/aero/rosWs/install/cannibalTurtle/lib/python3.12/site-packages'
[1.730s] Level 1:colcon.colcon_core.shell:create_environment_hook('cannibalTurtle', 'pythonpath')
[1.730s] INFO:colcon.colcon_core.shell:Creating environment hook '/media/ashwin-k/ashwinStorage/1.insti/cfi/guild/aero/rosWs/install/cannibalTurtle/share/cannibalTurtle/hook/pythonpath.ps1'
[1.731s] INFO:colcon.colcon_core.shell:Creating environment descriptor '/media/ashwin-k/ashwinStorage/1.insti/cfi/guild/aero/rosWs/install/cannibalTurtle/share/cannibalTurtle/hook/pythonpath.dsv'
[1.732s] INFO:colcon.colcon_core.shell:Creating environment hook '/media/ashwin-k/ashwinStorage/1.insti/cfi/guild/aero/rosWs/install/cannibalTurtle/share/cannibalTurtle/hook/pythonpath.sh'
[1.732s] Level 1:colcon.colcon_core.environment:checking '/media/ashwin-k/ashwinStorage/1.insti/cfi/guild/aero/rosWs/install/cannibalTurtle/bin'
[1.733s] Level 1:colcon.colcon_core.environment:create_environment_scripts_only(cannibalTurtle)
[1.733s] INFO:colcon.colcon_core.shell:Creating package script '/media/ashwin-k/ashwinStorage/1.insti/cfi/guild/aero/rosWs/install/cannibalTurtle/share/cannibalTurtle/package.ps1'
[1.734s] INFO:colcon.colcon_core.shell:Creating package descriptor '/media/ashwin-k/ashwinStorage/1.insti/cfi/guild/aero/rosWs/install/cannibalTurtle/share/cannibalTurtle/package.dsv'
[1.735s] INFO:colcon.colcon_core.shell:Creating package script '/media/ashwin-k/ashwinStorage/1.insti/cfi/guild/aero/rosWs/install/cannibalTurtle/share/cannibalTurtle/package.sh'
[1.736s] INFO:colcon.colcon_core.shell:Creating package script '/media/ashwin-k/ashwinStorage/1.insti/cfi/guild/aero/rosWs/install/cannibalTurtle/share/cannibalTurtle/package.bash'
[1.736s] INFO:colcon.colcon_core.shell:Creating package script '/media/ashwin-k/ashwinStorage/1.insti/cfi/guild/aero/rosWs/install/cannibalTurtle/share/cannibalTurtle/package.zsh'
[1.737s] Level 1:colcon.colcon_core.environment:create_file_with_runtime_dependencies(/media/ashwin-k/ashwinStorage/1.insti/cfi/guild/aero/rosWs/install/cannibalTurtle/share/colcon-core/packages/cannibalTurtle)
[1.738s] DEBUG:colcon.colcon_parallel_executor.executor.parallel:closing loop
[1.738s] DEBUG:colcon.colcon_parallel_executor.executor.parallel:loop closed
[1.738s] DEBUG:colcon.colcon_parallel_executor.executor.parallel:run_until_complete finished with '0'
[1.738s] DEBUG:colcon.colcon_core.event_reactor:joining thread
[1.744s] INFO:colcon.colcon_core.plugin_system:Skipping extension 'colcon_notification.desktop_notification.terminal_notifier': Not used on non-Darwin systems
[1.744s] INFO:colcon.colcon_core.plugin_system:Skipping extension 'colcon_notification.desktop_notification.win32': Not used on non-Windows systems
[1.744s] INFO:colcon.colcon_notification.desktop_notification:Sending desktop notification using 'notify2'
[1.755s] DEBUG:colcon.colcon_core.event_reactor:joined thread
[1.755s] INFO:colcon.colcon_core.shell:Creating prefix script '/media/ashwin-k/ashwinStorage/1.insti/cfi/guild/aero/rosWs/install/local_setup.ps1'
[1.757s] INFO:colcon.colcon_core.shell:Creating prefix util module '/media/ashwin-k/ashwinStorage/1.insti/cfi/guild/aero/rosWs/install/_local_setup_util_ps1.py'
[1.758s] INFO:colcon.colcon_core.shell:Creating prefix chain script '/media/ashwin-k/ashwinStorage/1.insti/cfi/guild/aero/rosWs/install/setup.ps1'
[1.760s] INFO:colcon.colcon_core.shell:Creating prefix script '/media/ashwin-k/ashwinStorage/1.insti/cfi/guild/aero/rosWs/install/local_setup.sh'
[1.761s] INFO:colcon.colcon_core.shell:Creating prefix util module '/media/ashwin-k/ashwinStorage/1.insti/cfi/guild/aero/rosWs/install/_local_setup_util_sh.py'
[1.761s] INFO:colcon.colcon_core.shell:Creating prefix chain script '/media/ashwin-k/ashwinStorage/1.insti/cfi/guild/aero/rosWs/install/setup.sh'
[1.762s] INFO:colcon.colcon_core.shell:Creating prefix script '/media/ashwin-k/ashwinStorage/1.insti/cfi/guild/aero/rosWs/install/local_setup.bash'
[1.763s] INFO:colcon.colcon_core.shell:Creating prefix chain script '/media/ashwin-k/ashwinStorage/1.insti/cfi/guild/aero/rosWs/install/setup.bash'
[1.764s] INFO:colcon.colcon_core.shell:Creating prefix script '/media/ashwin-k/ashwinStorage/1.insti/cfi/guild/aero/rosWs/install/local_setup.zsh'
[1.764s] INFO:colcon.colcon_core.shell:Creating prefix chain script '/media/ashwin-k/ashwinStorage/1.insti/cfi/guild/aero/rosWs/install/setup.zsh'
