[0.951s] Invoking command in '/home/ashwin/ros2WsDrone/src/droneControl': PYTHONPATH=/home/ashwin/ros2WsDrone/build/droneControl/prefix_override:/usr/lib/python3/dist-packages/colcon_core/task/python/colcon_distutils_commands:/home/ashwin/ros2WsDrone/install/droneControl/lib/python3.10/site-packages:${PYTHONPATH} /usr/bin/python3 -W ignore:setup.py install is deprecated -W ignore:easy_install command is deprecated setup.py egg_info --egg-base ../../build/droneControl build --build-base /home/ashwin/ros2WsDrone/build/droneControl/build install --record /home/ashwin/ros2WsDrone/build/droneControl/install.log --single-version-externally-managed install_data
[1.329s] running egg_info
[1.331s] writing ../../build/droneControl/droneControl.egg-info/PKG-INFO
[1.331s] writing dependency_links to ../../build/droneControl/droneControl.egg-info/dependency_links.txt
[1.332s] writing entry points to ../../build/droneControl/droneControl.egg-info/entry_points.txt
[1.333s] writing requirements to ../../build/droneControl/droneControl.egg-info/requires.txt
[1.333s] writing top-level names to ../../build/droneControl/droneControl.egg-info/top_level.txt
[1.336s] reading manifest file '../../build/droneControl/droneControl.egg-info/SOURCES.txt'
[1.339s] writing manifest file '../../build/droneControl/droneControl.egg-info/SOURCES.txt'
[1.339s] running build
[1.341s] running build_py
[1.342s] copying droneControl/droneControlNode.py -> /home/ashwin/ros2WsDrone/build/droneControl/build/lib/droneControl
[1.343s] running install
[1.343s] running install_lib
[1.346s] copying /home/ashwin/ros2WsDrone/build/droneControl/build/lib/droneControl/droneControlNode.py -> /home/ashwin/ros2WsDrone/install/droneControl/lib/python3.10/site-packages/droneControl
[1.350s] byte-compiling /home/ashwin/ros2WsDrone/install/droneControl/lib/python3.10/site-packages/droneControl/droneControlNode.py to droneControlNode.cpython-310.pyc
[1.351s] running install_data
[1.352s] running install_egg_info
[1.357s] removing '/home/ashwin/ros2WsDrone/install/droneControl/lib/python3.10/site-packages/droneControl-0.0.0-py3.10.egg-info' (and everything under it)
[1.358s] Copying ../../build/droneControl/droneControl.egg-info to /home/ashwin/ros2WsDrone/install/droneControl/lib/python3.10/site-packages/droneControl-0.0.0-py3.10.egg-info
[1.360s] running install_scripts
[1.392s] Installing control script to /home/ashwin/ros2WsDrone/install/droneControl/lib/droneControl
[1.393s] writing list of installed files to '/home/ashwin/ros2WsDrone/build/droneControl/install.log'
[1.425s] Invoked command in '/home/ashwin/ros2WsDrone/src/droneControl' returned '0': PYTHONPATH=/home/ashwin/ros2WsDrone/build/droneControl/prefix_override:/usr/lib/python3/dist-packages/colcon_core/task/python/colcon_distutils_commands:/home/ashwin/ros2WsDrone/install/droneControl/lib/python3.10/site-packages:${PYTHONPATH} /usr/bin/python3 -W ignore:setup.py install is deprecated -W ignore:easy_install command is deprecated setup.py egg_info --egg-base ../../build/droneControl build --build-base /home/ashwin/ros2WsDrone/build/droneControl/build install --record /home/ashwin/ros2WsDrone/build/droneControl/install.log --single-version-externally-managed install_data
