[1.115s] Invoking command in '/media/ashwin-k/ashwinStorage/1.insti/cfi/guild/aero/rosWs/src/cannibalTurtle': DEBUGINFOD_URLS=https://debuginfod.ubuntu.com PYTHONPATH=/media/ashwin-k/ashwinStorage/1.insti/cfi/guild/aero/rosWs/src/build/cannibalTurtle/prefix_override:/usr/lib/python3/dist-packages/colcon_core/task/python/colcon_distutils_commands:/media/ashwin-k/ashwinStorage/1.insti/cfi/guild/aero/rosWs/src/install/cannibalTurtle/lib/python3.12/site-packages:${PYTHONPATH} /usr/bin/python3 -W ignore:setup.py install is deprecated -W ignore:easy_install command is deprecated setup.py egg_info --egg-base ../build/cannibalTurtle build --build-base /media/ashwin-k/ashwinStorage/1.insti/cfi/guild/aero/rosWs/src/build/cannibalTurtle/build install --record /media/ashwin-k/ashwinStorage/1.insti/cfi/guild/aero/rosWs/src/build/cannibalTurtle/install.log --single-version-externally-managed install_data
[1.551s] running egg_info
[1.579s] writing ../build/cannibalTurtle/cannibalTurtle.egg-info/PKG-INFO
[1.580s] writing dependency_links to ../build/cannibalTurtle/cannibalTurtle.egg-info/dependency_links.txt
[1.580s] writing entry points to ../build/cannibalTurtle/cannibalTurtle.egg-info/entry_points.txt
[1.580s] writing requirements to ../build/cannibalTurtle/cannibalTurtle.egg-info/requires.txt
[1.581s] writing top-level names to ../build/cannibalTurtle/cannibalTurtle.egg-info/top_level.txt
[1.649s] reading manifest file '../build/cannibalTurtle/cannibalTurtle.egg-info/SOURCES.txt'
[1.654s] writing manifest file '../build/cannibalTurtle/cannibalTurtle.egg-info/SOURCES.txt'
[1.655s] running build
[1.655s] running build_py
[1.656s] copying cannibalTurtle/cannibalNode.py -> /media/ashwin-k/ashwinStorage/1.insti/cfi/guild/aero/rosWs/src/build/cannibalTurtle/build/lib/cannibalTurtle
[1.659s] running install
[1.673s] running install_lib
[1.715s] copying /media/ashwin-k/ashwinStorage/1.insti/cfi/guild/aero/rosWs/src/build/cannibalTurtle/build/lib/cannibalTurtle/cannibalNode.py -> /media/ashwin-k/ashwinStorage/1.insti/cfi/guild/aero/rosWs/src/install/cannibalTurtle/lib/python3.12/site-packages/cannibalTurtle
[1.717s] byte-compiling /media/ashwin-k/ashwinStorage/1.insti/cfi/guild/aero/rosWs/src/install/cannibalTurtle/lib/python3.12/site-packages/cannibalTurtle/cannibalNode.py to cannibalNode.cpython-312.pyc
[1.720s] running install_data
[1.721s] running install_egg_info
[1.752s] removing '/media/ashwin-k/ashwinStorage/1.insti/cfi/guild/aero/rosWs/src/install/cannibalTurtle/lib/python3.12/site-packages/cannibalTurtle-0.0.0-py3.12.egg-info' (and everything under it)
[1.754s] Copying ../build/cannibalTurtle/cannibalTurtle.egg-info to /media/ashwin-k/ashwinStorage/1.insti/cfi/guild/aero/rosWs/src/install/cannibalTurtle/lib/python3.12/site-packages/cannibalTurtle-0.0.0-py3.12.egg-info
[1.761s] running install_scripts
[1.974s] Installing cannibalNode script to /media/ashwin-k/ashwinStorage/1.insti/cfi/guild/aero/rosWs/src/install/cannibalTurtle/lib/cannibalTurtle
[1.976s] writing list of installed files to '/media/ashwin-k/ashwinStorage/1.insti/cfi/guild/aero/rosWs/src/build/cannibalTurtle/install.log'
[2.005s] Invoked command in '/media/ashwin-k/ashwinStorage/1.insti/cfi/guild/aero/rosWs/src/cannibalTurtle' returned '0': DEBUGINFOD_URLS=https://debuginfod.ubuntu.com PYTHONPATH=/media/ashwin-k/ashwinStorage/1.insti/cfi/guild/aero/rosWs/src/build/cannibalTurtle/prefix_override:/usr/lib/python3/dist-packages/colcon_core/task/python/colcon_distutils_commands:/media/ashwin-k/ashwinStorage/1.insti/cfi/guild/aero/rosWs/src/install/cannibalTurtle/lib/python3.12/site-packages:${PYTHONPATH} /usr/bin/python3 -W ignore:setup.py install is deprecated -W ignore:easy_install command is deprecated setup.py egg_info --egg-base ../build/cannibalTurtle build --build-base /media/ashwin-k/ashwinStorage/1.insti/cfi/guild/aero/rosWs/src/build/cannibalTurtle/build install --record /media/ashwin-k/ashwinStorage/1.insti/cfi/guild/aero/rosWs/src/build/cannibalTurtle/install.log --single-version-externally-managed install_data
