running egg_info
creating ../../build/cannibalTurtle/cannibalTurtle.egg-info
writing ../../build/cannibalTurtle/cannibalTurtle.egg-info/PKG-INFO
writing dependency_links to ../../build/cannibalTurtle/cannibalTurtle.egg-info/dependency_links.txt
writing entry points to ../../build/cannibalTurtle/cannibalTurtle.egg-info/entry_points.txt
writing requirements to ../../build/cannibalTurtle/cannibalTurtle.egg-info/requires.txt
writing top-level names to ../../build/cannibalTurtle/cannibalTurtle.egg-info/top_level.txt
writing manifest file '../../build/cannibalTurtle/cannibalTurtle.egg-info/SOURCES.txt'
reading manifest file '../../build/cannibalTurtle/cannibalTurtle.egg-info/SOURCES.txt'
writing manifest file '../../build/cannibalTurtle/cannibalTurtle.egg-info/SOURCES.txt'
running build
running build_py
creating /media/ashwin-k/ashwinStorage/1.insti/cfi/guild/aero/rosWs/build/cannibalTurtle/build
creating /media/ashwin-k/ashwinStorage/1.insti/cfi/guild/aero/rosWs/build/cannibalTurtle/build/lib
creating /media/ashwin-k/ashwinStorage/1.insti/cfi/guild/aero/rosWs/build/cannibalTurtle/build/lib/cannibalTurtle
copying cannibalTurtle/cannibalNode.py -> /media/ashwin-k/ashwinStorage/1.insti/cfi/guild/aero/rosWs/build/cannibalTurtle/build/lib/cannibalTurtle
copying cannibalTurtle/__init__.py -> /media/ashwin-k/ashwinStorage/1.insti/cfi/guild/aero/rosWs/build/cannibalTurtle/build/lib/cannibalTurtle
running install
running install_lib
creating /media/ashwin-k/ashwinStorage/1.insti/cfi/guild/aero/rosWs/install/cannibalTurtle/lib/python3.12/site-packages/cannibalTurtle
copying /media/ashwin-k/ashwinStorage/1.insti/cfi/guild/aero/rosWs/build/cannibalTurtle/build/lib/cannibalTurtle/cannibalNode.py -> /media/ashwin-k/ashwinStorage/1.insti/cfi/guild/aero/rosWs/install/cannibalTurtle/lib/python3.12/site-packages/cannibalTurtle
copying /media/ashwin-k/ashwinStorage/1.insti/cfi/guild/aero/rosWs/build/cannibalTurtle/build/lib/cannibalTurtle/__init__.py -> /media/ashwin-k/ashwinStorage/1.insti/cfi/guild/aero/rosWs/install/cannibalTurtle/lib/python3.12/site-packages/cannibalTurtle
byte-compiling /media/ashwin-k/ashwinStorage/1.insti/cfi/guild/aero/rosWs/install/cannibalTurtle/lib/python3.12/site-packages/cannibalTurtle/cannibalNode.py to cannibalNode.cpython-312.pyc
byte-compiling /media/ashwin-k/ashwinStorage/1.insti/cfi/guild/aero/rosWs/install/cannibalTurtle/lib/python3.12/site-packages/cannibalTurtle/__init__.py to __init__.cpython-312.pyc
running install_data
creating /media/ashwin-k/ashwinStorage/1.insti/cfi/guild/aero/rosWs/install/cannibalTurtle/share/ament_index
creating /media/ashwin-k/ashwinStorage/1.insti/cfi/guild/aero/rosWs/install/cannibalTurtle/share/ament_index/resource_index
creating /media/ashwin-k/ashwinStorage/1.insti/cfi/guild/aero/rosWs/install/cannibalTurtle/share/ament_index/resource_index/packages
copying resource/cannibalTurtle -> /media/ashwin-k/ashwinStorage/1.insti/cfi/guild/aero/rosWs/install/cannibalTurtle/share/ament_index/resource_index/packages
copying package.xml -> /media/ashwin-k/ashwinStorage/1.insti/cfi/guild/aero/rosWs/install/cannibalTurtle/share/cannibalTurtle
running install_egg_info
Copying ../../build/cannibalTurtle/cannibalTurtle.egg-info to /media/ashwin-k/ashwinStorage/1.insti/cfi/guild/aero/rosWs/install/cannibalTurtle/lib/python3.12/site-packages/cannibalTurtle-0.0.0-py3.12.egg-info
running install_scripts
Installing cannibalNode script to /media/ashwin-k/ashwinStorage/1.insti/cfi/guild/aero/rosWs/install/cannibalTurtle/lib/cannibalTurtle
writing list of installed files to '/media/ashwin-k/ashwinStorage/1.insti/cfi/guild/aero/rosWs/build/cannibalTurtle/install.log'
