[0.901s] Invoking command in '/home/ashwin/ros2WsDrone/src/droneControl': PYTHONPATH=/home/ashwin/ros2WsDrone/build/droneControl/prefix_override:/usr/lib/python3/dist-packages/colcon_core/task/python/colcon_distutils_commands:/home/ashwin/ros2WsDrone/install/droneControl/lib/python3.10/site-packages:${PYTHONPATH} /usr/bin/python3 -W ignore:setup.py install is deprecated -W ignore:easy_install command is deprecated setup.py egg_info --egg-base ../../build/droneControl build --build-base /home/ashwin/ros2WsDrone/build/droneControl/build install --record /home/ashwin/ros2WsDrone/build/droneControl/install.log --single-version-externally-managed install_data
[1.243s] running egg_info
[1.243s] writing ../../build/droneControl/droneControl.egg-info/PKG-INFO
[1.244s] writing dependency_links to ../../build/droneControl/droneControl.egg-info/dependency_links.txt
[1.245s] writing entry points to ../../build/droneControl/droneControl.egg-info/entry_points.txt
[1.245s] writing requirements to ../../build/droneControl/droneControl.egg-info/requires.txt
[1.245s] writing top-level names to ../../build/droneControl/droneControl.egg-info/top_level.txt
[1.247s] reading manifest file '../../build/droneControl/droneControl.egg-info/SOURCES.txt'
[1.250s] writing manifest file '../../build/droneControl/droneControl.egg-info/SOURCES.txt'
[1.250s] running build
[1.251s] running build_py
[1.252s] copying droneControl/droneControlNode.py -> /home/ashwin/ros2WsDrone/build/droneControl/build/lib/droneControl
[1.252s] running install
[1.252s] running install_lib
[1.252s] copying /home/ashwin/ros2WsDrone/build/droneControl/build/lib/droneControl/droneControlNode.py -> /home/ashwin/ros2WsDrone/install/droneControl/lib/python3.10/site-packages/droneControl
[1.254s] byte-compiling /home/ashwin/ros2WsDrone/install/droneControl/lib/python3.10/site-packages/droneControl/droneControlNode.py to droneControlNode.cpython-310.pyc
[1.256s] running install_data
[1.256s] running install_egg_info
[1.261s] removing '/home/ashwin/ros2WsDrone/install/droneControl/lib/python3.10/site-packages/droneControl-0.0.0-py3.10.egg-info' (and everything under it)
[1.266s] Copying ../../build/droneControl/droneControl.egg-info to /home/ashwin/ros2WsDrone/install/droneControl/lib/python3.10/site-packages/droneControl-0.0.0-py3.10.egg-info
[1.269s] running install_scripts
[1.298s] Installing control script to /home/ashwin/ros2WsDrone/install/droneControl/lib/droneControl
[1.298s] writing list of installed files to '/home/ashwin/ros2WsDrone/build/droneControl/install.log'
[1.327s] Invoked command in '/home/ashwin/ros2WsDrone/src/droneControl' returned '0': PYTHONPATH=/home/ashwin/ros2WsDrone/build/droneControl/prefix_override:/usr/lib/python3/dist-packages/colcon_core/task/python/colcon_distutils_commands:/home/ashwin/ros2WsDrone/install/droneControl/lib/python3.10/site-packages:${PYTHONPATH} /usr/bin/python3 -W ignore:setup.py install is deprecated -W ignore:easy_install command is deprecated setup.py egg_info --egg-base ../../build/droneControl build --build-base /home/ashwin/ros2WsDrone/build/droneControl/build install --record /home/ashwin/ros2WsDrone/build/droneControl/install.log --single-version-externally-managed install_data
