[0.307s] DEBUG:colcon:Command line arguments: ['/usr/bin/colcon', 'build']
[0.307s] DEBUG:colcon:Parsed command line arguments: Namespace(log_base=None, log_level=None, verb_name='build', build_base='build', install_base='install', merge_install=False, symlink_install=False, test_result_base=None, continue_on_error=False, executor='parallel', parallel_workers=2, event_handlers=None, ignore_user_meta=False, metas=['./colcon.meta'], base_paths=['.'], packages_ignore=None, packages_ignore_regex=None, paths=None, packages_up_to=None, packages_up_to_regex=None, packages_above=None, packages_above_and_dependencies=None, packages_above_depth=None, packages_select_by_dep=None, packages_skip_by_dep=None, packages_skip_up_to=None, packages_select_build_failed=False, packages_skip_build_finished=False, packages_select_test_failures=False, packages_skip_test_passed=False, packages_select=None, packages_skip=None, packages_select_regex=None, packages_skip_regex=None, packages_start=None, packages_end=None, allow_overriding=[], cmake_args=None, cmake_target=None, cmake_target_skip_unavailable=False, cmake_clean_cache=False, cmake_clean_first=False, cmake_force_configure=False, ament_cmake_args=None, catkin_cmake_args=None, catkin_skip_building_tests=False, verb_parser=<colcon_defaults.argument_parser.defaults.DefaultArgumentsDecorator object at 0x78cd9b964130>, verb_extension=<colcon_core.verb.build.BuildVerb object at 0x78cd9b93b2e0>, main=<bound method BuildVerb.main of <colcon_core.verb.build.BuildVerb object at 0x78cd9b93b2e0>>)
[0.760s] Level 1:colcon.colcon_core.package_discovery:discover_packages(colcon_meta) check parameters
[0.760s] Level 1:colcon.colcon_core.package_discovery:discover_packages(recursive) check parameters
[0.761s] Level 1:colcon.colcon_core.package_discovery:discover_packages(ignore) check parameters
[0.761s] Level 1:colcon.colcon_core.package_discovery:discover_packages(path) check parameters
[0.761s] Level 1:colcon.colcon_core.package_discovery:discover_packages(colcon_meta) discover
[0.761s] Level 1:colcon.colcon_core.package_discovery:discover_packages(recursive) discover
[0.761s] INFO:colcon.colcon_core.package_discovery:Crawling recursively for packages in '/home/ashwin/ros2WsDrone'
[0.761s] Level 1:colcon.colcon_core.package_identification:_identify(.) by extensions ['ignore', 'ignore_ament_install']
[0.761s] Level 1:colcon.colcon_core.package_identification:_identify(.) by extension 'ignore'
[0.761s] Level 1:colcon.colcon_core.package_identification:_identify(.) by extension 'ignore_ament_install'
[0.761s] Level 1:colcon.colcon_core.package_identification:_identify(.) by extensions ['colcon_pkg']
[0.761s] Level 1:colcon.colcon_core.package_identification:_identify(.) by extension 'colcon_pkg'
[0.761s] Level 1:colcon.colcon_core.package_identification:_identify(.) by extensions ['colcon_meta']
[0.763s] Level 1:colcon.colcon_core.package_identification:_identify(.) by extension 'colcon_meta'
[0.763s] Level 1:colcon.colcon_core.package_identification:_identify(.) by extensions ['ros']
[0.763s] Level 1:colcon.colcon_core.package_identification:_identify(.) by extension 'ros'
[0.797s] Level 1:colcon.colcon_core.package_identification:_identify(.) by extensions ['cmake', 'python']
[0.797s] Level 1:colcon.colcon_core.package_identification:_identify(.) by extension 'cmake'
[0.797s] Level 1:colcon.colcon_core.package_identification:_identify(.) by extension 'python'
[0.797s] Level 1:colcon.colcon_core.package_identification:_identify(.) by extensions ['python_setup_py']
[0.797s] Level 1:colcon.colcon_core.package_identification:_identify(.) by extension 'python_setup_py'
[0.797s] Level 1:colcon.colcon_core.package_identification:_identify(build) by extensions ['ignore', 'ignore_ament_install']
[0.797s] Level 1:colcon.colcon_core.package_identification:_identify(build) by extension 'ignore'
[0.797s] Level 1:colcon.colcon_core.package_identification:_identify(build) ignored
[0.797s] Level 1:colcon.colcon_core.package_identification:_identify(install) by extensions ['ignore', 'ignore_ament_install']
[0.797s] Level 1:colcon.colcon_core.package_identification:_identify(install) by extension 'ignore'
[0.798s] Level 1:colcon.colcon_core.package_identification:_identify(install) ignored
[0.798s] Level 1:colcon.colcon_core.package_identification:_identify(log) by extensions ['ignore', 'ignore_ament_install']
[0.798s] Level 1:colcon.colcon_core.package_identification:_identify(log) by extension 'ignore'
[0.798s] Level 1:colcon.colcon_core.package_identification:_identify(log) ignored
[0.798s] Level 1:colcon.colcon_core.package_identification:_identify(src) by extensions ['ignore', 'ignore_ament_install']
[0.798s] Level 1:colcon.colcon_core.package_identification:_identify(src) by extension 'ignore'
[0.798s] Level 1:colcon.colcon_core.package_identification:_identify(src) by extension 'ignore_ament_install'
[0.798s] Level 1:colcon.colcon_core.package_identification:_identify(src) by extensions ['colcon_pkg']
[0.798s] Level 1:colcon.colcon_core.package_identification:_identify(src) by extension 'colcon_pkg'
[0.798s] Level 1:colcon.colcon_core.package_identification:_identify(src) by extensions ['colcon_meta']
[0.798s] Level 1:colcon.colcon_core.package_identification:_identify(src) by extension 'colcon_meta'
[0.798s] Level 1:colcon.colcon_core.package_identification:_identify(src) by extensions ['ros']
[0.798s] Level 1:colcon.colcon_core.package_identification:_identify(src) by extension 'ros'
[0.798s] Level 1:colcon.colcon_core.package_identification:_identify(src) by extensions ['cmake', 'python']
[0.798s] Level 1:colcon.colcon_core.package_identification:_identify(src) by extension 'cmake'
[0.798s] Level 1:colcon.colcon_core.package_identification:_identify(src) by extension 'python'
[0.798s] Level 1:colcon.colcon_core.package_identification:_identify(src) by extensions ['python_setup_py']
[0.798s] Level 1:colcon.colcon_core.package_identification:_identify(src) by extension 'python_setup_py'
[0.798s] Level 1:colcon.colcon_core.package_identification:_identify(src/droneControl) by extensions ['ignore', 'ignore_ament_install']
[0.798s] Level 1:colcon.colcon_core.package_identification:_identify(src/droneControl) by extension 'ignore'
[0.798s] Level 1:colcon.colcon_core.package_identification:_identify(src/droneControl) by extension 'ignore_ament_install'
[0.798s] Level 1:colcon.colcon_core.package_identification:_identify(src/droneControl) by extensions ['colcon_pkg']
[0.802s] Level 1:colcon.colcon_core.package_identification:_identify(src/droneControl) by extension 'colcon_pkg'
[0.802s] Level 1:colcon.colcon_core.package_identification:_identify(src/droneControl) by extensions ['colcon_meta']
[0.802s] Level 1:colcon.colcon_core.package_identification:_identify(src/droneControl) by extension 'colcon_meta'
[0.802s] Level 1:colcon.colcon_core.package_identification:_identify(src/droneControl) by extensions ['ros']
[0.802s] Level 1:colcon.colcon_core.package_identification:_identify(src/droneControl) by extension 'ros'
[0.807s] DEBUG:colcon.colcon_core.package_identification:Package 'src/droneControl' with type 'ros.ament_python' and name 'droneControl'
[0.807s] Level 1:colcon.colcon_core.package_discovery:discover_packages(recursive) using defaults
[0.807s] Level 1:colcon.colcon_core.package_discovery:discover_packages(ignore) discover
[0.807s] Level 1:colcon.colcon_core.package_discovery:discover_packages(ignore) using defaults
[0.808s] Level 1:colcon.colcon_core.package_discovery:discover_packages(path) discover
[0.808s] Level 1:colcon.colcon_core.package_discovery:discover_packages(path) using defaults
[0.854s] Level 1:colcon.colcon_core.package_discovery:discover_packages(prefix_path) check parameters
[0.854s] Level 1:colcon.colcon_core.package_discovery:discover_packages(prefix_path) discover
[0.861s] DEBUG:colcon.colcon_installed_package_information.package_discovery:Found 1 installed packages in /home/ashwin/ros2WsDrone/install
[0.864s] DEBUG:colcon.colcon_installed_package_information.package_discovery:Found 280 installed packages in /opt/ros/humble
[0.893s] Level 1:colcon.colcon_core.package_discovery:discover_packages(prefix_path) using defaults
[0.976s] Level 5:colcon.colcon_core.verb:set package 'droneControl' build argument 'cmake_args' from command line to 'None'
[0.976s] Level 5:colcon.colcon_core.verb:set package 'droneControl' build argument 'cmake_target' from command line to 'None'
[0.977s] Level 5:colcon.colcon_core.verb:set package 'droneControl' build argument 'cmake_target_skip_unavailable' from command line to 'False'
[0.977s] Level 5:colcon.colcon_core.verb:set package 'droneControl' build argument 'cmake_clean_cache' from command line to 'False'
[0.977s] Level 5:colcon.colcon_core.verb:set package 'droneControl' build argument 'cmake_clean_first' from command line to 'False'
[0.977s] Level 5:colcon.colcon_core.verb:set package 'droneControl' build argument 'cmake_force_configure' from command line to 'False'
[0.977s] Level 5:colcon.colcon_core.verb:set package 'droneControl' build argument 'ament_cmake_args' from command line to 'None'
[0.977s] Level 5:colcon.colcon_core.verb:set package 'droneControl' build argument 'catkin_cmake_args' from command line to 'None'
[0.977s] Level 5:colcon.colcon_core.verb:set package 'droneControl' build argument 'catkin_skip_building_tests' from command line to 'False'
[0.977s] DEBUG:colcon.colcon_core.verb:Building package 'droneControl' with the following arguments: {'ament_cmake_args': None, 'build_base': '/home/ashwin/ros2WsDrone/build/droneControl', 'catkin_cmake_args': None, 'catkin_skip_building_tests': False, 'cmake_args': None, 'cmake_clean_cache': False, 'cmake_clean_first': False, 'cmake_force_configure': False, 'cmake_target': None, 'cmake_target_skip_unavailable': False, 'install_base': '/home/ashwin/ros2WsDrone/install/droneControl', 'merge_install': False, 'path': '/home/ashwin/ros2WsDrone/src/droneControl', 'symlink_install': False, 'test_result_base': None}
[0.977s] INFO:colcon.colcon_core.executor:Executing jobs using 'parallel' executor
[0.982s] DEBUG:colcon.colcon_parallel_executor.executor.parallel:run_until_complete
[0.982s] INFO:colcon.colcon_ros.task.ament_python.build:Building ROS package in '/home/ashwin/ros2WsDrone/src/droneControl' with build type 'ament_python'
[0.983s] Level 1:colcon.colcon_core.shell:create_environment_hook('droneControl', 'ament_prefix_path')
[0.987s] INFO:colcon.colcon_core.plugin_system:Skipping extension 'colcon_core.shell.bat': Not used on non-Windows systems
[0.991s] INFO:colcon.colcon_core.shell:Creating environment hook '/home/ashwin/ros2WsDrone/install/droneControl/share/droneControl/hook/ament_prefix_path.ps1'
[0.991s] INFO:colcon.colcon_core.shell:Creating environment descriptor '/home/ashwin/ros2WsDrone/install/droneControl/share/droneControl/hook/ament_prefix_path.dsv'
[0.992s] INFO:colcon.colcon_core.shell:Creating environment hook '/home/ashwin/ros2WsDrone/install/droneControl/share/droneControl/hook/ament_prefix_path.sh'
[0.995s] INFO:colcon.colcon_core.shell:Skip shell extension 'powershell' for command environment: Not usable outside of PowerShell
[0.995s] DEBUG:colcon.colcon_core.shell:Skip shell extension 'dsv' for command environment
[1.674s] INFO:colcon.colcon_core.task.python.build:Building Python package in '/home/ashwin/ros2WsDrone/src/droneControl'
[1.674s] INFO:colcon.colcon_core.shell:Skip shell extension 'powershell' for command environment: Not usable outside of PowerShell
[1.674s] DEBUG:colcon.colcon_core.shell:Skip shell extension 'dsv' for command environment
[2.616s] DEBUG:colcon.colcon_core.event_handler.log_command:Invoking command in '/home/ashwin/ros2WsDrone/src/droneControl': PYTHONPATH=/home/ashwin/ros2WsDrone/build/droneControl/prefix_override:/usr/lib/python3/dist-packages/colcon_core/task/python/colcon_distutils_commands:/home/ashwin/ros2WsDrone/install/droneControl/lib/python3.10/site-packages:${PYTHONPATH} /usr/bin/python3 -W ignore:setup.py install is deprecated -W ignore:easy_install command is deprecated setup.py egg_info --egg-base ../../build/droneControl build --build-base /home/ashwin/ros2WsDrone/build/droneControl/build install --record /home/ashwin/ros2WsDrone/build/droneControl/install.log --single-version-externally-managed install_data
[3.407s] DEBUG:colcon.colcon_core.event_handler.log_command:Invoked command in '/home/ashwin/ros2WsDrone/src/droneControl' returned '0': PYTHONPATH=/home/ashwin/ros2WsDrone/build/droneControl/prefix_override:/usr/lib/python3/dist-packages/colcon_core/task/python/colcon_distutils_commands:/home/ashwin/ros2WsDrone/install/droneControl/lib/python3.10/site-packages:${PYTHONPATH} /usr/bin/python3 -W ignore:setup.py install is deprecated -W ignore:easy_install command is deprecated setup.py egg_info --egg-base ../../build/droneControl build --build-base /home/ashwin/ros2WsDrone/build/droneControl/build install --record /home/ashwin/ros2WsDrone/build/droneControl/install.log --single-version-externally-managed install_data
[3.416s] Level 1:colcon.colcon_core.environment:checking '/home/ashwin/ros2WsDrone/install/droneControl' for CMake module files
[3.417s] Level 1:colcon.colcon_core.environment:checking '/home/ashwin/ros2WsDrone/install/droneControl' for CMake config files
[3.418s] Level 1:colcon.colcon_core.environment:checking '/home/ashwin/ros2WsDrone/install/droneControl/lib'
[3.418s] Level 1:colcon.colcon_core.environment:checking '/home/ashwin/ros2WsDrone/install/droneControl/bin'
[3.419s] Level 1:colcon.colcon_core.environment:checking '/home/ashwin/ros2WsDrone/install/droneControl/lib/pkgconfig/droneControl.pc'
[3.419s] Level 1:colcon.colcon_core.environment:checking '/home/ashwin/ros2WsDrone/install/droneControl/lib/python3.10/site-packages'
[3.419s] Level 1:colcon.colcon_core.shell:create_environment_hook('droneControl', 'pythonpath')
[3.419s] INFO:colcon.colcon_core.shell:Creating environment hook '/home/ashwin/ros2WsDrone/install/droneControl/share/droneControl/hook/pythonpath.ps1'
[3.423s] INFO:colcon.colcon_core.shell:Creating environment descriptor '/home/ashwin/ros2WsDrone/install/droneControl/share/droneControl/hook/pythonpath.dsv'
[3.424s] INFO:colcon.colcon_core.shell:Creating environment hook '/home/ashwin/ros2WsDrone/install/droneControl/share/droneControl/hook/pythonpath.sh'
[3.425s] Level 1:colcon.colcon_core.environment:checking '/home/ashwin/ros2WsDrone/install/droneControl/bin'
[3.425s] Level 1:colcon.colcon_core.environment:create_environment_scripts_only(droneControl)
[3.429s] INFO:colcon.colcon_core.shell:Creating package script '/home/ashwin/ros2WsDrone/install/droneControl/share/droneControl/package.ps1'
[3.430s] INFO:colcon.colcon_core.shell:Creating package descriptor '/home/ashwin/ros2WsDrone/install/droneControl/share/droneControl/package.dsv'
[3.432s] INFO:colcon.colcon_core.shell:Creating package script '/home/ashwin/ros2WsDrone/install/droneControl/share/droneControl/package.sh'
[3.433s] INFO:colcon.colcon_core.shell:Creating package script '/home/ashwin/ros2WsDrone/install/droneControl/share/droneControl/package.bash'
[3.436s] INFO:colcon.colcon_core.shell:Creating package script '/home/ashwin/ros2WsDrone/install/droneControl/share/droneControl/package.zsh'
[3.438s] Level 1:colcon.colcon_core.environment:create_file_with_runtime_dependencies(/home/ashwin/ros2WsDrone/install/droneControl/share/colcon-core/packages/droneControl)
[3.441s] DEBUG:colcon.colcon_parallel_executor.executor.parallel:closing loop
[3.441s] DEBUG:colcon.colcon_parallel_executor.executor.parallel:loop closed
[3.441s] DEBUG:colcon.colcon_parallel_executor.executor.parallel:run_until_complete finished with '0'
[3.441s] DEBUG:colcon.colcon_core.event_reactor:joining thread
[3.457s] INFO:colcon.colcon_core.plugin_system:Skipping extension 'colcon_notification.desktop_notification.terminal_notifier': Not used on non-Darwin systems
[3.460s] INFO:colcon.colcon_core.plugin_system:Skipping extension 'colcon_notification.desktop_notification.win32': Not used on non-Windows systems
[3.461s] INFO:colcon.colcon_notification.desktop_notification:Sending desktop notification using 'notify2'
[3.559s] DEBUG:colcon.colcon_core.event_reactor:joined thread
[3.559s] INFO:colcon.colcon_core.shell:Creating prefix script '/home/ashwin/ros2WsDrone/install/local_setup.ps1'
[3.560s] INFO:colcon.colcon_core.shell:Creating prefix util module '/home/ashwin/ros2WsDrone/install/_local_setup_util_ps1.py'
[3.566s] INFO:colcon.colcon_core.shell:Creating prefix chain script '/home/ashwin/ros2WsDrone/install/setup.ps1'
[3.571s] INFO:colcon.colcon_core.shell:Creating prefix script '/home/ashwin/ros2WsDrone/install/local_setup.sh'
[3.573s] INFO:colcon.colcon_core.shell:Creating prefix util module '/home/ashwin/ros2WsDrone/install/_local_setup_util_sh.py'
[3.576s] INFO:colcon.colcon_core.shell:Creating prefix chain script '/home/ashwin/ros2WsDrone/install/setup.sh'
[3.579s] INFO:colcon.colcon_core.shell:Creating prefix script '/home/ashwin/ros2WsDrone/install/local_setup.bash'
[3.582s] INFO:colcon.colcon_core.shell:Creating prefix chain script '/home/ashwin/ros2WsDrone/install/setup.bash'
[3.584s] INFO:colcon.colcon_core.shell:Creating prefix script '/home/ashwin/ros2WsDrone/install/local_setup.zsh'
[3.586s] INFO:colcon.colcon_core.shell:Creating prefix chain script '/home/ashwin/ros2WsDrone/install/setup.zsh'
