[1.633s] Invoking command in '/home/ashwin/ros2WsDrone/src/droneControl': PYTHONPATH=/home/ashwin/ros2WsDrone/build/droneControl/prefix_override:/usr/lib/python3/dist-packages/colcon_core/task/python/colcon_distutils_commands:/home/ashwin/ros2WsDrone/install/droneControl/lib/python3.10/site-packages:${PYTHONPATH} /usr/bin/python3 -W ignore:setup.py install is deprecated -W ignore:easy_install command is deprecated setup.py egg_info --egg-base ../../build/droneControl build --build-base /home/ashwin/ros2WsDrone/build/droneControl/build install --record /home/ashwin/ros2WsDrone/build/droneControl/install.log --single-version-externally-managed install_data
[2.268s] running egg_info
[2.269s] writing ../../build/droneControl/droneControl.egg-info/PKG-INFO
[2.269s] writing dependency_links to ../../build/droneControl/droneControl.egg-info/dependency_links.txt
[2.270s] writing entry points to ../../build/droneControl/droneControl.egg-info/entry_points.txt
[2.270s] writing requirements to ../../build/droneControl/droneControl.egg-info/requires.txt
[2.270s] writing top-level names to ../../build/droneControl/droneControl.egg-info/top_level.txt
[2.278s] reading manifest file '../../build/droneControl/droneControl.egg-info/SOURCES.txt'
[2.278s] writing manifest file '../../build/droneControl/droneControl.egg-info/SOURCES.txt'
[2.278s] running build
[2.279s] running build_py
[2.279s] copying droneControl/droneControlNode.py -> /home/ashwin/ros2WsDrone/build/droneControl/build/lib/droneControl
[2.279s] running install
[2.281s] running install_lib
[2.285s] copying /home/ashwin/ros2WsDrone/build/droneControl/build/lib/droneControl/droneControlNode.py -> /home/ashwin/ros2WsDrone/install/droneControl/lib/python3.10/site-packages/droneControl
[2.285s] byte-compiling /home/ashwin/ros2WsDrone/install/droneControl/lib/python3.10/site-packages/droneControl/droneControlNode.py to droneControlNode.cpython-310.pyc
[2.286s] running install_data
[2.286s] running install_egg_info
[2.296s] removing '/home/ashwin/ros2WsDrone/install/droneControl/lib/python3.10/site-packages/droneControl-0.0.0-py3.10.egg-info' (and everything under it)
[2.305s] Copying ../../build/droneControl/droneControl.egg-info to /home/ashwin/ros2WsDrone/install/droneControl/lib/python3.10/site-packages/droneControl-0.0.0-py3.10.egg-info
[2.305s] running install_scripts
[2.350s] Installing control script to /home/ashwin/ros2WsDrone/install/droneControl/lib/droneControl
[2.351s] writing list of installed files to '/home/ashwin/ros2WsDrone/build/droneControl/install.log'
[2.423s] Invoked command in '/home/ashwin/ros2WsDrone/src/droneControl' returned '0': PYTHONPATH=/home/ashwin/ros2WsDrone/build/droneControl/prefix_override:/usr/lib/python3/dist-packages/colcon_core/task/python/colcon_distutils_commands:/home/ashwin/ros2WsDrone/install/droneControl/lib/python3.10/site-packages:${PYTHONPATH} /usr/bin/python3 -W ignore:setup.py install is deprecated -W ignore:easy_install command is deprecated setup.py egg_info --egg-base ../../build/droneControl build --build-base /home/ashwin/ros2WsDrone/build/droneControl/build install --record /home/ashwin/ros2WsDrone/build/droneControl/install.log --single-version-externally-managed install_data
